2025-07-01 22:28:52,935 [INFO] Activator:176 - 


2025-07-01 22:28:52,940 [INFO] Activator:177 - !SESSION log4j initialized
2025-07-01 22:29:02,687 [INFO] LogOutputStream:77 - [STDOUT_REDIRECT] 
2025-07-01 22:29:08,279 [INFO] ApplicationProperties:184 - Using Application install path: D:\STM_IDE\STM32CubeIDE_1.18.1\STM32CubeIDE\plugins\com.st.stm32cube.common.mx_6.14.1.202504091515
2025-07-01 22:29:08,302 [INFO] DbMcusXml:78 - Set database path to: D:\STM_IDE\STM32CubeIDE_1.18.1\STM32CubeIDE\plugins\com.st.stm32cube.common.mx_6.14.1.202504091515\\db\/mcu/
2025-07-01 22:29:08,303 [INFO] ApiDb:274 - Set plugin database path to: D:\STM_IDE\STM32CubeIDE_1.18.1\STM32CubeIDE\plugins\com.st.stm32cube.common.mx_6.14.1.202504091515\\db\/plugins/boardmanager/
2025-07-01 22:29:08,304 [WARN] ApiDb:259 - Overriding images path with different value:  => D:\STM_IDE\STM32CubeIDE_1.18.1\STM32CubeIDE\plugins\com.st.stm32cube.common.mx_6.14.1.202504091515\\db\/plugins/mcufinder/images/
2025-07-01 22:29:08,318 [INFO] ApiDb:250 - Set database path to: C:\Users\vigne\.stmcufinder\plugins\mcufinder//mcu/
2025-07-01 22:29:08,320 [INFO] DbMcusAds:125 - Set database path to: C:\Users\vigne\.stmcufinder\plugins\mcufinder//mcu/
2025-07-01 22:29:08,323 [INFO] CrossReferenceDbSqlite:203 - Set database path to: C:\Users\vigne\.stmcufinder\plugins\mcufinder//mcu/cs/
2025-07-01 22:29:08,455 [INFO] RulesReader:64 - Compatibility file has been processed (302 Rules)
2025-07-01 22:29:08,563 [INFO] DbMcusXml:78 - Set database path to: D:\STM_IDE\STM32CubeIDE_1.18.1\STM32CubeIDE\plugins\com.st.stm32cube.common.mx_6.14.1.202504091515\\db\/mcu/
2025-07-01 22:29:08,563 [INFO] ApiDb:274 - Set plugin database path to: D:\STM_IDE\STM32CubeIDE_1.18.1\STM32CubeIDE\plugins\com.st.stm32cube.common.mx_6.14.1.202504091515\\db\/plugins/boardmanager/
2025-07-01 22:29:08,563 [INFO] ApiDb:261 - Set plugin images path to: D:\STM_IDE\STM32CubeIDE_1.18.1\STM32CubeIDE\plugins\com.st.stm32cube.common.mx_6.14.1.202504091515\\db\/plugins/mcufinder/images/
2025-07-01 22:29:08,563 [WARN] DbFile:41 - Overriding database path with different value: C:\Users\vigne\.stmcufinder\plugins\mcufinder/ => C:\Users\vigne\.stmcufinder\plugins\mcufinder
2025-07-01 22:29:08,564 [INFO] ApiDb:250 - Set database path to: C:\Users\vigne\.stmcufinder\plugins\mcufinder//mcu/
2025-07-01 22:29:08,564 [WARN] DbFile:41 - Overriding database path with different value: C:\Users\vigne\.stmcufinder\plugins\mcufinder/ => C:\Users\vigne\.stmcufinder\plugins\mcufinder
2025-07-01 22:29:08,564 [INFO] DbMcusAds:125 - Set database path to: C:\Users\vigne\.stmcufinder\plugins\mcufinder//mcu/
2025-07-01 22:29:08,564 [WARN] DbFile:41 - Overriding database path with different value: C:\Users\vigne\.stmcufinder\plugins\mcufinder/ => C:\Users\vigne\.stmcufinder\plugins\mcufinder
2025-07-01 22:29:08,564 [WARN] DbFile:41 - Overriding database path with different value: C:\Users\vigne\.stmcufinder\plugins\mcufinder/ => C:\Users\vigne\.stmcufinder\plugins\mcufinder
2025-07-01 22:29:08,564 [INFO] CrossReferenceDbSqlite:203 - Set database path to: C:\Users\vigne\.stmcufinder\plugins\mcufinder//mcu/cs/
2025-07-01 22:29:08,668 [INFO] MainPanel:272 - HeapMemory: 268435456
2025-07-01 22:29:08,820 [INFO] DbMcusXml:78 - Set database path to: D:\STM_IDE\STM32CubeIDE_1.18.1\STM32CubeIDE\plugins\com.st.stm32cube.common.mx_6.14.1.202504091515\\db\/mcu/
2025-07-01 22:29:08,820 [INFO] ApiDb:274 - Set plugin database path to: D:\STM_IDE\STM32CubeIDE_1.18.1\STM32CubeIDE\plugins\com.st.stm32cube.common.mx_6.14.1.202504091515\\db\/plugins/boardmanager/
2025-07-01 22:29:08,820 [INFO] ApiDb:261 - Set plugin images path to: D:\STM_IDE\STM32CubeIDE_1.18.1\STM32CubeIDE\plugins\com.st.stm32cube.common.mx_6.14.1.202504091515\\db\/plugins/mcufinder/images/
2025-07-01 22:29:08,822 [WARN] DbFile:41 - Overriding database path with different value: C:\Users\vigne\.stmcufinder\plugins\mcufinder/ => C:\Users\vigne\.stmcufinder\plugins\mcufinder
2025-07-01 22:29:08,822 [INFO] ApiDb:250 - Set database path to: C:\Users\vigne\.stmcufinder\plugins\mcufinder//mcu/
2025-07-01 22:29:08,822 [WARN] DbFile:41 - Overriding database path with different value: C:\Users\vigne\.stmcufinder\plugins\mcufinder/ => C:\Users\vigne\.stmcufinder\plugins\mcufinder
2025-07-01 22:29:08,822 [INFO] DbMcusAds:125 - Set database path to: C:\Users\vigne\.stmcufinder\plugins\mcufinder//mcu/
2025-07-01 22:29:08,822 [WARN] DbFile:41 - Overriding database path with different value: C:\Users\vigne\.stmcufinder\plugins\mcufinder/ => C:\Users\vigne\.stmcufinder\plugins\mcufinder
2025-07-01 22:29:08,822 [WARN] DbFile:41 - Overriding database path with different value: C:\Users\vigne\.stmcufinder\plugins\mcufinder/ => C:\Users\vigne\.stmcufinder\plugins\mcufinder
2025-07-01 22:29:08,822 [INFO] CrossReferenceDbSqlite:203 - Set database path to: C:\Users\vigne\.stmcufinder\plugins\mcufinder//mcu/cs/
2025-07-01 22:29:08,845 [INFO] ApplicationProperties:184 - Using Application install path: D:\STM_IDE\STM32CubeIDE_1.18.1\STM32CubeIDE\plugins\com.st.stm32cube.common.mx_6.14.1.202504091515
2025-07-01 22:29:08,847 [INFO] PluginManage:196 - Search for loadable plugins [exclusion list=, ]
2025-07-01 22:29:08,849 [INFO] PluginManage:310 - Check plugin analytics
2025-07-01 22:29:09,061 [INFO] AnalyticsPlugin:253 - Accepted Software Licenses: STM32CubeMX.6.14.1
2025-07-01 22:29:09,062 [INFO] AnalyticsPlugin:255 - Accepted CMSIS Pack Licenses: 
2025-07-01 22:29:09,062 [INFO] AnalyticsPlugin:257 - Accepted Firmware Licenses: FW.L4.1.18.0
2025-07-01 22:29:09,066 [INFO] PluginManage:359 - Loaded plugin analytics (category:tool,tabindex:-1)
2025-07-01 22:29:09,067 [INFO] PluginManage:310 - Check plugin cadmodel
2025-07-01 22:29:09,094 [INFO] CADModel:105 - Init CAD model plugin
2025-07-01 22:29:09,094 [INFO] PluginManage:359 - Loaded plugin cadmodel (category:power,tabindex:5)
2025-07-01 22:29:09,094 [INFO] PluginManage:310 - Check plugin clock
2025-07-01 22:29:09,120 [INFO] PluginManage:359 - Loaded plugin clock (category:base,tabindex:2)
2025-07-01 22:29:09,120 [INFO] PluginManage:310 - Check plugin ddr
2025-07-01 22:29:09,124 [INFO] PluginManage:359 - Loaded plugin ddr (category:tool,tabindex:6)
2025-07-01 22:29:09,124 [INFO] PluginManage:310 - Check plugin filemanager
2025-07-01 22:29:09,289 [INFO] PluginManage:359 - Loaded plugin filemanager (category:base,tabindex:10)
2025-07-01 22:29:09,289 [INFO] PluginManage:310 - Check plugin ipmanager
2025-07-01 22:29:09,298 [INFO] PluginManage:359 - Loaded plugin ipmanager (category:base,tabindex:5)
2025-07-01 22:29:09,299 [INFO] PluginManage:310 - Check plugin lpbam
2025-07-01 22:29:09,321 [INFO] PluginManage:359 - Loaded plugin lpbam (category:base,tabindex:0)
2025-07-01 22:29:09,321 [INFO] PluginManage:310 - Check plugin memorymap
2025-07-01 22:29:09,351 [INFO] PluginManage:359 - Loaded plugin memorymap (category:base,tabindex:4)
2025-07-01 22:29:09,351 [INFO] PluginManage:310 - Check plugin pinoutandconfiguration
2025-07-01 22:29:09,373 [INFO] PluginManage:359 - Loaded plugin pinoutandconfiguration (category:base,tabindex:1)
2025-07-01 22:29:09,373 [INFO] PluginManage:310 - Check plugin pinoutconfig
2025-07-01 22:29:09,477 [WARN] SupportedApi:132 - Cannot load RTOS API schema: s4s-elt-must-match.1: The content of 'definitions' must match (annotation?, (simpleType | complexType)?, (unique | key | keyref)*)). A problem was found starting at: attribute.
2025-07-01 22:29:09,615 [INFO] PluginManage:359 - Loaded plugin pinoutconfig (category:base,tabindex:0)
2025-07-01 22:29:09,616 [INFO] PluginManage:310 - Check plugin power
2025-07-01 22:29:09,642 [INFO] PluginManage:359 - Loaded plugin power (category:power,tabindex:4)
2025-07-01 22:29:09,642 [INFO] PluginManage:310 - Check plugin projectmanager
2025-07-01 22:29:09,659 [INFO] PluginManage:359 - Loaded plugin projectmanager (category:projectmanager,tabindex:4)
2025-07-01 22:29:09,660 [INFO] PluginManage:310 - Check plugin rif
2025-07-01 22:29:09,688 [INFO] PluginManage:359 - Loaded plugin rif (category:base,tabindex:3)
2025-07-01 22:29:09,689 [INFO] PluginManage:310 - Check plugin thirdparty
2025-07-01 22:29:10,049 [INFO] PluginManage:359 - Loaded plugin thirdparty (category:base,tabindex:-1)
2025-07-01 22:29:10,049 [INFO] PluginManage:310 - Check plugin tools
2025-07-01 22:29:10,049 [WARN] IntegrityCheckThread:84 - waiting for thirdparty lock release [integrity check]
2025-07-01 22:29:10,050 [INFO] IntegrityCheckThread:86 - entering critical section [integrity check]
2025-07-01 22:29:10,050 [INFO] ThirdPartyUpdaterWithRetryManager:70 - Updater plugin not ready yet. [1/15]
2025-07-01 22:29:10,103 [INFO] PluginManage:359 - Loaded plugin tools (category:base,tabindex:7)
2025-07-01 22:29:10,103 [INFO] PluginManage:310 - Check plugin tutovideos
2025-07-01 22:29:10,354 [INFO] PluginManage:359 - Loaded plugin tutovideos (category:base,tabindex:-1)
2025-07-01 22:29:10,354 [INFO] PluginManage:310 - Check plugin updater
2025-07-01 22:29:10,376 [INFO] PluginManage:359 - Loaded plugin updater (category:base,tabindex:12)
2025-07-01 22:29:10,376 [INFO] PluginManage:310 - Check plugin userauth
2025-07-01 22:29:10,381 [INFO] UserAuth:118 - Init User Auth plugin
2025-07-01 22:29:10,383 [INFO] PluginManage:359 - Loaded plugin userauth (category:base,tabindex:14)
2025-07-01 22:29:10,384 [INFO] PluginManage:283 - PluginManage : Loaded plugins [18]
2025-07-01 22:29:10,654 [INFO] PinOutPanel:1589 - setPackage(No Configuration,No Configuration)
2025-07-01 22:29:10,780 [INFO] CADModel:165 - CPN selected for project level
2025-07-01 22:29:10,780 [INFO] CADModel:114 - Register for checkConnection events
2025-07-01 22:29:10,818 [INFO] IPUIPlugin:80 - create IPUIPlugin
2025-07-01 22:29:10,818 [INFO] PluginManager:220 - loadIPPluginJar : add adc
2025-07-01 22:29:10,870 [INFO] IPUIPlugin:80 - create IPUIPlugin
2025-07-01 22:29:10,870 [INFO] PluginManager:220 - loadIPPluginJar : add aes
2025-07-01 22:29:10,926 [INFO] IPUIPlugin:80 - create IPUIPlugin
2025-07-01 22:29:10,926 [INFO] PluginManager:220 - loadIPPluginJar : add can
2025-07-01 22:29:10,958 [INFO] IPUIPlugin:80 - create IPUIPlugin
2025-07-01 22:29:10,958 [INFO] PluginManager:220 - loadIPPluginJar : add comp
2025-07-01 22:29:11,001 [INFO] IPUIPlugin:80 - create IPUIPlugin
2025-07-01 22:29:11,002 [INFO] PluginManager:220 - loadIPPluginJar : add cryp
2025-07-01 22:29:11,016 [INFO] IPUIPlugin:80 - create IPUIPlugin
2025-07-01 22:29:11,016 [INFO] PluginManager:220 - loadIPPluginJar : add ddr_ctrl_phy
2025-07-01 22:29:11,058 [INFO] IPUIPlugin:80 - create IPUIPlugin
2025-07-01 22:29:11,059 [INFO] PluginManager:220 - loadIPPluginJar : add dfsdm
2025-07-01 22:29:11,076 [INFO] IPUIPlugin:80 - create IPUIPlugin
2025-07-01 22:29:11,077 [INFO] PluginManager:220 - loadIPPluginJar : add dma
2025-07-01 22:29:11,131 [INFO] IPUIPlugin:80 - create IPUIPlugin
2025-07-01 22:29:11,132 [INFO] PluginManager:220 - loadIPPluginJar : add dma3
2025-07-01 22:29:11,191 [INFO] IPUIPlugin:80 - create IPUIPlugin
2025-07-01 22:29:11,191 [INFO] PluginManager:220 - loadIPPluginJar : add extmemmanager
2025-07-01 22:29:11,217 [INFO] IPUIPlugin:80 - create IPUIPlugin
2025-07-01 22:29:11,218 [INFO] PluginManager:220 - loadIPPluginJar : add fatfs
2025-07-01 22:29:11,279 [INFO] IPUIPlugin:80 - create IPUIPlugin
2025-07-01 22:29:11,279 [INFO] PluginManager:220 - loadIPPluginJar : add fmc
2025-07-01 22:29:11,297 [INFO] IPUIPlugin:80 - create IPUIPlugin
2025-07-01 22:29:11,298 [INFO] PluginManager:220 - loadIPPluginJar : add freertos
2025-07-01 22:29:11,331 [INFO] IPUIPlugin:80 - create IPUIPlugin
2025-07-01 22:29:11,331 [INFO] PluginManager:220 - loadIPPluginJar : add genericplugin
2025-07-01 22:29:11,459 [INFO] IPUIPlugin:80 - create IPUIPlugin
2025-07-01 22:29:11,459 [INFO] PluginManager:220 - loadIPPluginJar : add gfxmmu
2025-07-01 22:29:11,635 [INFO] IPUIPlugin:80 - create IPUIPlugin
2025-07-01 22:29:11,635 [INFO] PluginManager:220 - loadIPPluginJar : add gic
2025-07-01 22:29:11,650 [INFO] IPUIPlugin:80 - create IPUIPlugin
2025-07-01 22:29:11,650 [INFO] PluginManager:220 - loadIPPluginJar : add gpio
2025-07-01 22:29:11,764 [INFO] IPUIPlugin:80 - create IPUIPlugin
2025-07-01 22:29:11,764 [INFO] PluginManager:220 - loadIPPluginJar : add gtzc
2025-07-01 22:29:11,805 [INFO] IPUIPlugin:80 - create IPUIPlugin
2025-07-01 22:29:11,805 [INFO] PluginManager:220 - loadIPPluginJar : add hash
2025-07-01 22:29:11,872 [INFO] IPUIPlugin:80 - create IPUIPlugin
2025-07-01 22:29:11,872 [INFO] PluginManager:220 - loadIPPluginJar : add i2c
2025-07-01 22:29:11,922 [INFO] IPUIPlugin:80 - create IPUIPlugin
2025-07-01 22:29:11,922 [INFO] PluginManager:220 - loadIPPluginJar : add i2s
2025-07-01 22:29:11,970 [INFO] IPUIPlugin:80 - create IPUIPlugin
2025-07-01 22:29:11,970 [INFO] PluginManager:220 - loadIPPluginJar : add i3c
2025-07-01 22:29:12,092 [INFO] IPUIPlugin:80 - create IPUIPlugin
2025-07-01 22:29:12,093 [INFO] PluginManager:220 - loadIPPluginJar : add ipddr
2025-07-01 22:29:12,214 [INFO] IPUIPlugin:80 - create IPUIPlugin
2025-07-01 22:29:12,214 [INFO] PluginManager:220 - loadIPPluginJar : add linkedlist
2025-07-01 22:29:12,259 [INFO] IPUIPlugin:80 - create IPUIPlugin
2025-07-01 22:29:12,259 [INFO] PluginManager:220 - loadIPPluginJar : add lorawan
2025-07-01 22:29:12,306 [INFO] IPUIPlugin:80 - create IPUIPlugin
2025-07-01 22:29:12,306 [INFO] PluginManager:220 - loadIPPluginJar : add ltdc
2025-07-01 22:29:12,323 [INFO] IPUIPlugin:80 - create IPUIPlugin
2025-07-01 22:29:12,323 [INFO] PluginManager:220 - loadIPPluginJar : add mdma
2025-07-01 22:29:12,337 [INFO] IPUIPlugin:80 - create IPUIPlugin
2025-07-01 22:29:12,337 [INFO] PluginManager:220 - loadIPPluginJar : add nvic
2025-07-01 22:29:12,385 [INFO] IPUIPlugin:80 - create IPUIPlugin
2025-07-01 22:29:12,386 [INFO] PluginManager:220 - loadIPPluginJar : add opamp
2025-07-01 22:29:12,470 [INFO] IPUIPlugin:80 - create IPUIPlugin
2025-07-01 22:29:12,470 [INFO] PluginManager:220 - loadIPPluginJar : add openamp
2025-07-01 22:29:12,530 [INFO] IPUIPlugin:80 - create IPUIPlugin
2025-07-01 22:29:12,530 [INFO] PluginManager:220 - loadIPPluginJar : add pdm2pcm
2025-07-01 22:29:12,547 [INFO] IPUIPlugin:80 - create IPUIPlugin
2025-07-01 22:29:12,549 [INFO] PluginManager:220 - loadIPPluginJar : add plateformsettings
2025-07-01 22:29:12,580 [INFO] IPUIPlugin:80 - create IPUIPlugin
2025-07-01 22:29:12,580 [INFO] PluginManager:220 - loadIPPluginJar : add quadspi
2025-07-01 22:29:12,613 [INFO] IPUIPlugin:80 - create IPUIPlugin
2025-07-01 22:29:12,613 [INFO] PluginManager:220 - loadIPPluginJar : add radio
2025-07-01 22:29:12,629 [INFO] IPUIPlugin:80 - create IPUIPlugin
2025-07-01 22:29:12,629 [INFO] PluginManager:220 - loadIPPluginJar : add resmgrutility
2025-07-01 22:29:12,688 [INFO] IPUIPlugin:80 - create IPUIPlugin
2025-07-01 22:29:12,688 [INFO] PluginManager:220 - loadIPPluginJar : add sai
2025-07-01 22:29:12,738 [INFO] IPUIPlugin:80 - create IPUIPlugin
2025-07-01 22:29:12,738 [INFO] PluginManager:220 - loadIPPluginJar : add spi
2025-07-01 22:29:12,825 [INFO] IPUIPlugin:80 - create IPUIPlugin
2025-07-01 22:29:12,825 [INFO] PluginManager:220 - loadIPPluginJar : add stm32_wpan
2025-07-01 22:29:12,856 [INFO] IPUIPlugin:80 - create IPUIPlugin
2025-07-01 22:29:12,856 [INFO] PluginManager:220 - loadIPPluginJar : add tim
2025-07-01 22:29:12,933 [INFO] IPUIPlugin:80 - create IPUIPlugin
2025-07-01 22:29:12,934 [INFO] PluginManager:220 - loadIPPluginJar : add touchsensing
2025-07-01 22:29:12,973 [INFO] IPUIPlugin:80 - create IPUIPlugin
2025-07-01 22:29:12,973 [INFO] PluginManager:220 - loadIPPluginJar : add tracer_emb
2025-07-01 22:29:13,007 [INFO] IPUIPlugin:80 - create IPUIPlugin
2025-07-01 22:29:13,007 [INFO] PluginManager:220 - loadIPPluginJar : add ts
2025-07-01 22:29:13,038 [INFO] IPUIPlugin:80 - create IPUIPlugin
2025-07-01 22:29:13,038 [INFO] PluginManager:220 - loadIPPluginJar : add tsc
2025-07-01 22:29:13,052 [INFO] ThirdPartyUpdaterWithRetryManager:70 - Updater plugin not ready yet. [2/15]
2025-07-01 22:29:13,069 [INFO] IPUIPlugin:80 - create IPUIPlugin
2025-07-01 22:29:13,069 [INFO] PluginManager:220 - loadIPPluginJar : add ucpd
2025-07-01 22:29:13,138 [INFO] IPUIPlugin:80 - create IPUIPlugin
2025-07-01 22:29:13,138 [INFO] PluginManager:220 - loadIPPluginJar : add usart
2025-07-01 22:29:13,225 [INFO] IPUIPlugin:80 - create IPUIPlugin
2025-07-01 22:29:13,226 [INFO] PluginManager:220 - loadIPPluginJar : add usbx
2025-07-01 22:29:13,373 [FATAL] Updater:351 - Updater called before beeing initialized
2025-07-01 22:29:13,408 [INFO] RulesReader:64 - Compatibility file has been processed (302 Rules)
2025-07-01 22:29:13,417 [INFO] RulesReader:64 - Compatibility file has been processed (302 Rules)
2025-07-01 22:29:13,427 [INFO] CADModel:165 - CPN selected for project level
2025-07-01 22:29:13,427 [INFO] CADModel:114 - Register for checkConnection events
2025-07-01 22:29:13,427 [FATAL] Updater:351 - Updater called before beeing initialized
2025-07-01 22:29:13,427 [ERROR] CADModel:125 - Updater not yet initialized, retry later 
2025-07-01 22:29:13,644 [FATAL] Updater:351 - Updater called before beeing initialized
2025-07-01 22:29:13,647 [INFO] CADModel:165 - CPN selected for project level
2025-07-01 22:29:13,648 [INFO] CADModel:114 - Register for checkConnection events
2025-07-01 22:29:13,648 [FATAL] Updater:351 - Updater called before beeing initialized
2025-07-01 22:29:13,648 [ERROR] CADModel:125 - Updater not yet initialized, retry later 
2025-07-01 22:29:13,655 [FATAL] Updater:351 - Updater called before beeing initialized
2025-07-01 22:29:13,865 [FATAL] Updater:351 - Updater called before beeing initialized
2025-07-01 22:29:13,878 [INFO] DbMcusAds:53 - JSON generation date=Thu Jun 19 10:32:34 CEST 2025 (1750321954312)
2025-07-01 22:29:13,878 [FATAL] Updater:351 - Updater called before beeing initialized
2025-07-01 22:29:13,977 [WARN] DetailPanel:346 - Failed to get advertising image, set to default
2025-07-01 22:29:14,208 [FATAL] Updater:351 - Updater called before beeing initialized
2025-07-01 22:29:14,210 [FATAL] Updater:351 - Updater called before beeing initialized
2025-07-01 22:29:14,211 [FATAL] Updater:351 - Updater called before beeing initialized
2025-07-01 22:29:14,211 [WARN] DetailPanel:346 - Failed to get advertising image, set to default
2025-07-01 22:29:14,211 [FATAL] Updater:351 - Updater called before beeing initialized
2025-07-01 22:29:14,273 [ERROR] Updater:1198 - MainUpdater not yet initialized. External WinMGr cannot be set.
2025-07-01 22:29:14,285 [INFO] Updater:1134 - Updater Version found : 6.14.1
2025-07-01 22:29:14,302 [INFO] ApplicationProperties:184 - Using Application install path: D:\STM_IDE\STM32CubeIDE_1.18.1\STM32CubeIDE\plugins\com.st.stm32cube.common.mx_6.14.1.202504091515
2025-07-01 22:29:15,884 [ERROR] LogOutputStream:75 - [STDERR_REDIRECT] Jul 01, 2025 10:29:15 PM java.util.prefs.WindowsPreferences <init>
2025-07-01 22:29:15,885 [ERROR] LogOutputStream:75 - [STDERR_REDIRECT] WARNING: Could not open/create prefs root node Software\JavaSoft\Prefs at root 0xffffffff80000002. Windows RegCreateKeyEx(...) returned error code 5.
2025-07-01 22:29:15,885 [ERROR] LogOutputStream:75 - [STDERR_REDIRECT] 
2025-07-01 22:29:16,054 [INFO] ThirdPartyUpdaterWithRetryManager:70 - Updater plugin not ready yet. [3/15]
2025-07-01 22:29:16,215 [INFO] MainUpdater:2872 - connection check result : 10
2025-07-01 22:29:16,216 [INFO] MainUpdater:289 - Updater Check For Update Now.
2025-07-01 22:29:16,217 [INFO] MicroXplorer:498 - Change Database Version : DB.6.0.141
2025-07-01 22:29:16,245 [INFO] McuFinderGlobals:63 - Set McuFinder mode to 2 (CubeIDE integrated)
2025-07-01 22:29:16,245 [INFO] UserAuth:171 - activating auth plugin
2025-07-01 22:29:16,249 [INFO] UserAuth:484 - Internet connection configuration mode: 1
2025-07-01 22:29:16,295 [INFO] JxBrowserEngine:152 - Initiate JxBrowser Engine with user profile folder
2025-07-01 22:29:16,463 [INFO] CheckServerUpdateThread:120 - End of CheckServer Thread
2025-07-01 22:29:17,803 [INFO] WebApp:169 - Instantiating new browser for Auth
2025-07-01 22:29:18,919 [INFO] WebApp:463 - Apply proxy settings
2025-07-01 22:29:18,919 [INFO] WebApp:548 - Chromium requires no authentication
2025-07-01 22:29:18,934 [INFO] WebApp:491 - Direct internet connection detected
2025-07-01 22:29:18,973 [INFO] WebApp:894 - Register for checkConnection events
2025-07-01 22:29:18,973 [INFO] WebApp:463 - Apply proxy settings
2025-07-01 22:29:18,973 [INFO] WebApp:548 - Chromium requires no authentication
2025-07-01 22:29:18,974 [INFO] WebApp:491 - Direct internet connection detected
2025-07-01 22:29:19,299 [INFO] WebApp:191 - Connection restablished
2025-07-01 22:29:19,483 [INFO] WebApp:225 - Starting web application
2025-07-01 22:29:19,484 [INFO] WebApp:593 - Web application path used D:\STM_IDE\STM32CubeIDE_1.18.1\STM32CubeIDE\plugins\com.st.stm32cube.common.mx_6.14.1.202504091515\db\plugins\mcufinder\reactClient1\index.html
2025-07-01 22:29:19,606 [WARN] PackLoader:240 - Cannot read IP mode file for STMicroelectronics.FP-SNS-MOTENVWB1.1.4.0
2025-07-01 22:29:19,646 [WARN] PackLoader:240 - Cannot read IP mode file for STMicroelectronics.FP-ATR-ASTRA1.2.0.2
2025-07-01 22:29:19,684 [WARN] PackLoader:240 - Cannot read IP mode file for STMicroelectronics.X-CUBE-SMBUS.2.1.0
2025-07-01 22:29:19,726 [WARN] PackLoader:240 - Cannot read IP mode file for STMicroelectronics.X-CUBE-ST60.1.0.0
2025-07-01 22:29:19,810 [WARN] PackLoader:240 - Cannot read IP mode file for STMicroelectronics.X-CUBE-AZRTOS-F7.1.1.0
2025-07-01 22:29:19,877 [WARN] PackLoader:240 - Cannot read IP mode file for Infineon.AIROC-Wi-Fi-Bluetooth-STM32.1.7.0
2025-07-01 22:29:20,033 [WARN] PackLoader:240 - Cannot read IP mode file for STMicroelectronics.X-CUBE-DISPLAY.3.0.0
2025-07-01 22:29:20,098 [WARN] PackLoader:240 - Cannot read IP mode file for STMicroelectronics.X-CUBE-NFC10.1.0.0
2025-07-01 22:29:20,150 [WARN] PackLoader:240 - Cannot read IP mode file for STMicroelectronics.X-CUBE-BLEMGR.4.0.0
2025-07-01 22:29:20,230 [WARN] PackLoader:240 - Cannot read IP mode file for emotas.I-CUBE-CANOPEN.1.3.0
2025-07-01 22:29:20,295 [WARN] ConditionMgr:438 - getConditionDescription Invalid condition id : Cortex-A Device cause : null
2025-07-01 22:29:20,490 [WARN] ConditionMgr:1044 - genDependencies : Invalid condition id : Cortex-A Device cause : null
2025-07-01 22:29:20,491 [WARN] ConditionMgr:1044 - genDependencies : Invalid condition id : Cortex-A Device cause : null
2025-07-01 22:29:20,491 [WARN] ConditionMgr:1044 - genDependencies : Invalid condition id : Cortex-A Device cause : null
2025-07-01 22:29:20,579 [WARN] PackLoader:240 - Cannot read IP mode file for STMicroelectronics.FP-SNS-SMARTAG2.1.2.0
2025-07-01 22:29:20,649 [WARN] PackLoader:240 - Cannot read IP mode file for STMicroelectronics.FP-SNS-FLIGHT1.5.1.0
2025-07-01 22:29:20,690 [INFO] LogOutputStream:77 - [STDOUT_REDIRECT] 1 : Invalid condition id : UX_CORESTACK_Condition cause : null
2025-07-01 22:29:20,691 [INFO] LogOutputStream:77 - [STDOUT_REDIRECT] 1 : Invalid condition id : UX_CORESTACK_Condition cause : null
2025-07-01 22:29:20,693 [INFO] LogOutputStream:77 - [STDOUT_REDIRECT] 1 : Invalid condition id : UX_CORESTACK_Condition cause : null
2025-07-01 22:29:20,694 [INFO] LogOutputStream:77 - [STDOUT_REDIRECT] 1 : Invalid condition id : UX_CORESTACK_Condition cause : null
2025-07-01 22:29:20,696 [INFO] LogOutputStream:77 - [STDOUT_REDIRECT] 1 : Invalid condition id : UX_CORESTACK_Condition cause : null
2025-07-01 22:29:20,700 [WARN] PackLoader:240 - Cannot read IP mode file for STMicroelectronics.X-CUBE-AZRTOS-WL.2.0.0
2025-07-01 22:29:20,733 [WARN] PackLoader:240 - Cannot read IP mode file for STMicroelectronics.FP-SNS-MOTENV1.5.0.0
2025-07-01 22:29:20,775 [WARN] PackLoader:240 - Cannot read IP mode file for WES.I-CUBE-Cesium.1.3.0
2025-07-01 22:29:20,805 [WARN] PackLoader:240 - Cannot read IP mode file for STMicroelectronics.X-CUBE-BLE2.3.3.0
2025-07-01 22:29:20,836 [WARN] PackLoader:240 - Cannot read IP mode file for STMicroelectronics.X-CUBE-NFC9.1.0.0
2025-07-01 22:29:20,869 [WARN] PackLoader:240 - Cannot read IP mode file for wolfSSL.I-CUBE-wolfSSL.5.8.0
2025-07-01 22:29:20,945 [WARN] PackLoader:240 - Cannot read IP mode file for STMicroelectronics.X-CUBE-BLE1.7.1.0
2025-07-01 22:29:21,003 [WARN] PackLoader:240 - Cannot read IP mode file for wolfSSL.I-CUBE-wolfMQTT.1.19.2
2025-07-01 22:29:21,061 [WARN] PackLoader:240 - Cannot read IP mode file for STMicroelectronics.X-CUBE-AI.10.1.0
2025-07-01 22:29:21,223 [WARN] PackLoader:240 - Cannot read IP mode file for STMicroelectronics.X-CUBE-MEMS1.11.2.0
2025-07-01 22:29:21,755 [WARN] PackLoader:240 - Cannot read IP mode file for STMicroelectronics.X-CUBE-AZRTOS-G0.1.1.0
2025-07-01 22:29:21,825 [WARN] PackLoader:240 - Cannot read IP mode file for STMicroelectronics.X-CUBE-SAFEA1.1.2.2
2025-07-01 22:29:21,885 [WARN] PackLoader:240 - Cannot read IP mode file for STMicroelectronics.X-CUBE-NFC4.3.0.0
2025-07-01 22:29:21,947 [WARN] PackLoader:240 - Cannot read IP mode file for EmbeddedOffice.I-CUBE-FS-RTOS.1.0.1
2025-07-01 22:29:22,033 [WARN] PackLoader:240 - Cannot read IP mode file for STMicroelectronics.X-CUBE-WB05N.2.0.0
2025-07-01 22:29:22,084 [WARN] PackLoader:240 - Cannot read IP mode file for wolfSSL.I-CUBE-wolfTPM.3.8.0
2025-07-01 22:29:22,137 [WARN] PackLoader:240 - Cannot read IP mode file for STMicroelectronics.X-CUBE-TCPP.4.2.0
2025-07-01 22:29:22,190 [WARN] PackLoader:240 - Cannot read IP mode file for RealThread.X-CUBE-RT-Thread_Nano.4.1.1
2025-07-01 22:29:22,231 [WARN] PackLoader:240 - Cannot read IP mode file for STMicroelectronics.FP-ATR-SIGFOX1.3.2.0
2025-07-01 22:29:22,276 [WARN] PackLoader:240 - Cannot read IP mode file for STMicroelectronics.X-CUBE-EEPRMA1.5.1.0
2025-07-01 22:29:22,329 [WARN] PackLoader:240 - Cannot read IP mode file for ITTIA_DB.I-CUBE-ITTIADB.8.9.0
2025-07-01 22:29:22,377 [WARN] PackLoader:240 - Cannot read IP mode file for STMicroelectronics.X-CUBE-ST67W61.1.0.0
2025-07-01 22:29:22,472 [WARN] PackLoader:240 - Cannot read IP mode file for SEGGER.I-CUBE-embOS.1.3.1
2025-07-01 22:29:22,581 [WARN] PackLoader:240 - Cannot read IP mode file for STMicroelectronics.X-CUBE-ALGOBUILD.1.4.0
2025-07-01 22:29:22,704 [WARN] PackLoader:240 - Cannot read IP mode file for STMicroelectronics.X-CUBE-MEMS1.11.3.0
2025-07-01 22:29:22,929 [WARN] PackLoader:240 - Cannot read IP mode file for STMicroelectronics.X-CUBE-PM33A1.1.0.0
2025-07-01 22:29:23,007 [WARN] PackLoader:240 - Cannot read IP mode file for STMicroelectronics.X-CUBE-AZRTOS-F4.1.1.0
2025-07-01 22:29:23,059 [WARN] PackLoader:240 - Cannot read IP mode file for Avnet-IotConnect.X-CUBE-IoTC-DA16k-PMOD.1.0.0
2025-07-01 22:29:23,110 [WARN] PackLoader:240 - Cannot read IP mode file for STMicroelectronics.X-CUBE-ISPU.2.1.0
2025-07-01 22:29:23,190 [WARN] PackLoader:240 - Cannot read IP mode file for STMicroelectronics.X-CUBE-AZRTOS-L5.2.0.0
2025-07-01 22:29:23,251 [WARN] PackLoader:240 - Cannot read IP mode file for STMicroelectronics.X-CUBE-NFC6.3.1.0
2025-07-01 22:29:23,329 [WARN] PackLoader:240 - Cannot read IP mode file for STMicroelectronics.X-CUBE-FREERTOS.1.3.1
2025-07-01 22:29:23,397 [WARN] PackLoader:240 - Cannot read IP mode file for STMicroelectronics.FP-SNS-STAIOTCFT.1.0.0
2025-07-01 22:29:23,450 [WARN] PackLoader:240 - Cannot read IP mode file for STMicroelectronics.X-CUBE-DPower.1.3.0
2025-07-01 22:29:23,530 [WARN] ConditionMgr:438 - getConditionDescription Invalid condition id : LAN8742 Phy interface Condition cause : null
2025-07-01 22:29:23,531 [WARN] PackLoader:240 - Cannot read IP mode file for STMicroelectronics.X-CUBE-AZRTOS-L4.2.0.0
2025-07-01 22:29:23,534 [WARN] ConditionMgr:1044 - genDependencies : Invalid condition id : LAN8742 Phy interface Condition cause : null
2025-07-01 22:29:23,537 [WARN] ConditionMgr:1044 - genDependencies : Invalid condition id : LAN8742 Phy interface Condition cause : null
2025-07-01 22:29:23,538 [WARN] ConditionMgr:1044 - genDependencies : Invalid condition id : LAN8742 Phy interface Condition cause : null
2025-07-01 22:29:23,589 [WARN] PackLoader:240 - Cannot read IP mode file for STMicroelectronics.X-CUBE-SFXS2LP1.4.0.0
2025-07-01 22:29:23,672 [WARN] PackLoader:240 - Cannot read IP mode file for STMicroelectronics.X-CUBE-AZRTOS-H7.3.3.0
2025-07-01 22:29:23,756 [WARN] ConditionMgr:438 - getConditionDescription Invalid condition id : UX DEVICE CLASS RTOS Condition cause : null
2025-07-01 22:29:23,756 [WARN] ConditionMgr:438 - getConditionDescription Invalid condition id : UX DEVICE CLASS RTOS Condition cause : null
2025-07-01 22:29:23,759 [WARN] PackLoader:240 - Cannot read IP mode file for STMicroelectronics.X-CUBE-AZRTOS-WB.2.0.0
2025-07-01 22:29:23,763 [WARN] ConditionMgr:1044 - genDependencies : Invalid condition id : UX DEVICE CLASS RTOS Condition cause : null
2025-07-01 22:29:23,765 [WARN] ConditionMgr:1044 - genDependencies : Invalid condition id : UX DEVICE CLASS RTOS Condition cause : null
2025-07-01 22:29:23,766 [WARN] ConditionMgr:1044 - genDependencies : Invalid condition id : UX DEVICE CLASS RTOS Condition cause : null
2025-07-01 22:29:23,767 [WARN] ConditionMgr:1044 - genDependencies : Invalid condition id : UX DEVICE CLASS RTOS Condition cause : null
2025-07-01 22:29:23,767 [WARN] ConditionMgr:1044 - genDependencies : Invalid condition id : UX DEVICE CLASS RTOS Condition cause : null
2025-07-01 22:29:23,818 [WARN] PackLoader:240 - Cannot read IP mode file for STMicroelectronics.X-CUBE-GNSS1.7.0.1
2025-07-01 22:29:23,862 [WARN] PackLoader:240 - Cannot read IP mode file for STMicroelectronics.X-CUBE-TOUCHGFX.4.25.0
2025-07-01 22:29:23,907 [WARN] PackLoader:240 - Cannot read IP mode file for STMicroelectronics.FP-SNS-STBOX1.2.0.0
2025-07-01 22:29:23,996 [WARN] PackLoader:240 - Cannot read IP mode file for STMicroelectronics.X-CUBE-SUBG2.5.0.0
2025-07-01 22:29:24,096 [WARN] PackLoader:240 - Cannot read IP mode file for STMicroelectronics.X-CUBE-AZRTOS-H7RS.1.1.0
2025-07-01 22:29:24,149 [WARN] PackLoader:240 - Cannot read IP mode file for Cesanta.I-CUBE-Mongoose.7.13.0
2025-07-01 22:29:24,217 [WARN] PackLoader:240 - Cannot read IP mode file for STMicroelectronics.X-CUBE-AZRTOS-G4.2.0.0
2025-07-01 22:29:24,273 [WARN] PackLoader:240 - Cannot read IP mode file for wolfSSL.I-CUBE-wolfSSH.1.4.20
2025-07-01 22:29:24,320 [WARN] PackLoader:240 - Cannot read IP mode file for STMicroelectronics.X-CUBE-NFC7.2.0.0
2025-07-01 22:29:24,391 [WARN] PackLoader:240 - Cannot read IP mode file for STMicroelectronics.X-CUBE-IPS.3.1.0
2025-07-01 22:29:24,450 [WARN] PackLoader:240 - Cannot read IP mode file for STMicroelectronics.X-CUBE-ALS.1.0.2
2025-07-01 22:29:24,497 [WARN] PackLoader:240 - Cannot read IP mode file for portGmbH.I-Cube-SoM-uGOAL.1.1.0
2025-07-01 22:29:24,551 [WARN] PackLoader:240 - Cannot read IP mode file for STMicroelectronics.X-CUBE-TOF1.3.4.3
2025-07-01 22:29:24,569 [INFO] ThirdParty:978 - Integrity check success = true
2025-07-01 22:29:24,572 [INFO] IntegrityCheckThread:100 - exiting critical section [integrity check]
2025-07-01 22:29:24,572 [INFO] IntegrityCheckThread:103 - End integrity checks thread
2025-07-01 22:48:55,536 [ERROR] LogOutputStream:75 - [STDERR_REDIRECT] 
