2025-06-27 22:09:53,054 [INFO] Activator:176 - 


2025-06-27 22:09:53,088 [INFO] Activator:177 - !SESSION log4j initialized
2025-06-27 22:10:24,892 [INFO] LogOutputStream:77 - [STDOUT_REDIRECT] 
2025-06-27 22:10:42,092 [INFO] ApplicationProperties:184 - Using Application install path: D:\STM_IDE\STM32CubeIDE_1.18.1\STM32CubeIDE\plugins\com.st.stm32cube.common.mx_6.14.1.202504091515
2025-06-27 22:10:42,174 [INFO] DbMcusXml:78 - Set database path to: D:\STM_IDE\STM32CubeIDE_1.18.1\STM32CubeIDE\plugins\com.st.stm32cube.common.mx_6.14.1.202504091515\\db\/mcu/
2025-06-27 22:10:42,177 [INFO] ApiDb:274 - Set plugin database path to: D:\STM_IDE\STM32CubeIDE_1.18.1\STM32CubeIDE\plugins\com.st.stm32cube.common.mx_6.14.1.202504091515\\db\/plugins/boardmanager/
2025-06-27 22:10:42,178 [WARN] ApiDb:259 - Overriding images path with different value:  => D:\STM_IDE\STM32CubeIDE_1.18.1\STM32CubeIDE\plugins\com.st.stm32cube.common.mx_6.14.1.202504091515\\db\/plugins/mcufinder/images/
2025-06-27 22:10:42,217 [INFO] ApiDb:250 - Set database path to: C:\Users\vigne\.stmcufinder\plugins\mcufinder//mcu/
2025-06-27 22:10:42,221 [INFO] DbMcusAds:125 - Set database path to: C:\Users\vigne\.stmcufinder\plugins\mcufinder//mcu/
2025-06-27 22:10:42,262 [INFO] CrossReferenceDbSqlite:203 - Set database path to: C:\Users\vigne\.stmcufinder\plugins\mcufinder//mcu/cs/
2025-06-27 22:10:42,977 [INFO] RulesReader:64 - Compatibility file has been processed (302 Rules)
2025-06-27 22:10:43,402 [INFO] DbMcusXml:78 - Set database path to: D:\STM_IDE\STM32CubeIDE_1.18.1\STM32CubeIDE\plugins\com.st.stm32cube.common.mx_6.14.1.202504091515\\db\/mcu/
2025-06-27 22:10:43,402 [INFO] ApiDb:274 - Set plugin database path to: D:\STM_IDE\STM32CubeIDE_1.18.1\STM32CubeIDE\plugins\com.st.stm32cube.common.mx_6.14.1.202504091515\\db\/plugins/boardmanager/
2025-06-27 22:10:43,403 [INFO] ApiDb:261 - Set plugin images path to: D:\STM_IDE\STM32CubeIDE_1.18.1\STM32CubeIDE\plugins\com.st.stm32cube.common.mx_6.14.1.202504091515\\db\/plugins/mcufinder/images/
2025-06-27 22:10:43,404 [WARN] DbFile:41 - Overriding database path with different value: C:\Users\vigne\.stmcufinder\plugins\mcufinder/ => C:\Users\vigne\.stmcufinder\plugins\mcufinder
2025-06-27 22:10:43,405 [INFO] ApiDb:250 - Set database path to: C:\Users\vigne\.stmcufinder\plugins\mcufinder//mcu/
2025-06-27 22:10:43,406 [WARN] DbFile:41 - Overriding database path with different value: C:\Users\vigne\.stmcufinder\plugins\mcufinder/ => C:\Users\vigne\.stmcufinder\plugins\mcufinder
2025-06-27 22:10:43,406 [INFO] DbMcusAds:125 - Set database path to: C:\Users\vigne\.stmcufinder\plugins\mcufinder//mcu/
2025-06-27 22:10:43,406 [WARN] DbFile:41 - Overriding database path with different value: C:\Users\vigne\.stmcufinder\plugins\mcufinder/ => C:\Users\vigne\.stmcufinder\plugins\mcufinder
2025-06-27 22:10:43,406 [WARN] DbFile:41 - Overriding database path with different value: C:\Users\vigne\.stmcufinder\plugins\mcufinder/ => C:\Users\vigne\.stmcufinder\plugins\mcufinder
2025-06-27 22:10:43,406 [INFO] CrossReferenceDbSqlite:203 - Set database path to: C:\Users\vigne\.stmcufinder\plugins\mcufinder//mcu/cs/
2025-06-27 22:10:43,782 [INFO] MainPanel:272 - HeapMemory: 268435456
2025-06-27 22:10:44,286 [INFO] DbMcusXml:78 - Set database path to: D:\STM_IDE\STM32CubeIDE_1.18.1\STM32CubeIDE\plugins\com.st.stm32cube.common.mx_6.14.1.202504091515\\db\/mcu/
2025-06-27 22:10:44,287 [INFO] ApiDb:274 - Set plugin database path to: D:\STM_IDE\STM32CubeIDE_1.18.1\STM32CubeIDE\plugins\com.st.stm32cube.common.mx_6.14.1.202504091515\\db\/plugins/boardmanager/
2025-06-27 22:10:44,287 [INFO] ApiDb:261 - Set plugin images path to: D:\STM_IDE\STM32CubeIDE_1.18.1\STM32CubeIDE\plugins\com.st.stm32cube.common.mx_6.14.1.202504091515\\db\/plugins/mcufinder/images/
2025-06-27 22:10:44,287 [WARN] DbFile:41 - Overriding database path with different value: C:\Users\vigne\.stmcufinder\plugins\mcufinder/ => C:\Users\vigne\.stmcufinder\plugins\mcufinder
2025-06-27 22:10:44,288 [INFO] ApiDb:250 - Set database path to: C:\Users\vigne\.stmcufinder\plugins\mcufinder//mcu/
2025-06-27 22:10:44,289 [WARN] DbFile:41 - Overriding database path with different value: C:\Users\vigne\.stmcufinder\plugins\mcufinder/ => C:\Users\vigne\.stmcufinder\plugins\mcufinder
2025-06-27 22:10:44,289 [INFO] DbMcusAds:125 - Set database path to: C:\Users\vigne\.stmcufinder\plugins\mcufinder//mcu/
2025-06-27 22:10:44,289 [WARN] DbFile:41 - Overriding database path with different value: C:\Users\vigne\.stmcufinder\plugins\mcufinder/ => C:\Users\vigne\.stmcufinder\plugins\mcufinder
2025-06-27 22:10:44,290 [WARN] DbFile:41 - Overriding database path with different value: C:\Users\vigne\.stmcufinder\plugins\mcufinder/ => C:\Users\vigne\.stmcufinder\plugins\mcufinder
2025-06-27 22:10:44,290 [INFO] CrossReferenceDbSqlite:203 - Set database path to: C:\Users\vigne\.stmcufinder\plugins\mcufinder//mcu/cs/
2025-06-27 22:10:44,371 [INFO] ApplicationProperties:184 - Using Application install path: D:\STM_IDE\STM32CubeIDE_1.18.1\STM32CubeIDE\plugins\com.st.stm32cube.common.mx_6.14.1.202504091515
2025-06-27 22:10:44,377 [INFO] PluginManage:196 - Search for loadable plugins [exclusion list=, ]
2025-06-27 22:10:44,389 [INFO] PluginManage:310 - Check plugin analytics
2025-06-27 22:10:45,271 [INFO] AnalyticsPlugin:253 - Accepted Software Licenses: STM32CubeMX.6.14.1
2025-06-27 22:10:45,272 [INFO] AnalyticsPlugin:255 - Accepted CMSIS Pack Licenses: 
2025-06-27 22:10:45,273 [INFO] AnalyticsPlugin:257 - Accepted Firmware Licenses: FW.L4.1.18.0
2025-06-27 22:10:45,295 [INFO] PluginManage:359 - Loaded plugin analytics (category:tool,tabindex:-1)
2025-06-27 22:10:45,298 [INFO] PluginManage:310 - Check plugin cadmodel
2025-06-27 22:10:45,369 [INFO] CADModel:105 - Init CAD model plugin
2025-06-27 22:10:45,370 [INFO] PluginManage:359 - Loaded plugin cadmodel (category:power,tabindex:5)
2025-06-27 22:10:45,370 [INFO] PluginManage:310 - Check plugin clock
2025-06-27 22:10:45,487 [INFO] PluginManage:359 - Loaded plugin clock (category:base,tabindex:2)
2025-06-27 22:10:45,489 [INFO] PluginManage:310 - Check plugin ddr
2025-06-27 22:10:45,497 [INFO] PluginManage:359 - Loaded plugin ddr (category:tool,tabindex:6)
2025-06-27 22:10:45,498 [INFO] PluginManage:310 - Check plugin filemanager
2025-06-27 22:10:46,188 [INFO] PluginManage:359 - Loaded plugin filemanager (category:base,tabindex:10)
2025-06-27 22:10:46,189 [INFO] PluginManage:310 - Check plugin ipmanager
2025-06-27 22:10:46,225 [INFO] PluginManage:359 - Loaded plugin ipmanager (category:base,tabindex:5)
2025-06-27 22:10:46,226 [INFO] PluginManage:310 - Check plugin lpbam
2025-06-27 22:10:46,295 [INFO] PluginManage:359 - Loaded plugin lpbam (category:base,tabindex:0)
2025-06-27 22:10:46,295 [INFO] PluginManage:310 - Check plugin memorymap
2025-06-27 22:10:46,417 [INFO] PluginManage:359 - Loaded plugin memorymap (category:base,tabindex:4)
2025-06-27 22:10:46,418 [INFO] PluginManage:310 - Check plugin pinoutandconfiguration
2025-06-27 22:10:46,493 [INFO] PluginManage:359 - Loaded plugin pinoutandconfiguration (category:base,tabindex:1)
2025-06-27 22:10:46,493 [INFO] PluginManage:310 - Check plugin pinoutconfig
2025-06-27 22:10:46,925 [WARN] SupportedApi:132 - Cannot load RTOS API schema: s4s-elt-must-match.1: The content of 'definitions' must match (annotation?, (simpleType | complexType)?, (unique | key | keyref)*)). A problem was found starting at: attribute.
2025-06-27 22:10:47,490 [INFO] PluginManage:359 - Loaded plugin pinoutconfig (category:base,tabindex:0)
2025-06-27 22:10:47,491 [INFO] PluginManage:310 - Check plugin power
2025-06-27 22:10:47,568 [INFO] PluginManage:359 - Loaded plugin power (category:power,tabindex:4)
2025-06-27 22:10:47,568 [INFO] PluginManage:310 - Check plugin projectmanager
2025-06-27 22:10:47,629 [INFO] PluginManage:359 - Loaded plugin projectmanager (category:projectmanager,tabindex:4)
2025-06-27 22:10:47,629 [INFO] PluginManage:310 - Check plugin rif
2025-06-27 22:10:47,740 [INFO] PluginManage:359 - Loaded plugin rif (category:base,tabindex:3)
2025-06-27 22:10:47,740 [INFO] PluginManage:310 - Check plugin thirdparty
2025-06-27 22:10:49,275 [INFO] PluginManage:359 - Loaded plugin thirdparty (category:base,tabindex:-1)
2025-06-27 22:10:49,275 [WARN] IntegrityCheckThread:84 - waiting for thirdparty lock release [integrity check]
2025-06-27 22:10:49,278 [INFO] PluginManage:310 - Check plugin tools
2025-06-27 22:10:49,278 [INFO] IntegrityCheckThread:86 - entering critical section [integrity check]
2025-06-27 22:10:49,282 [INFO] ThirdPartyUpdaterWithRetryManager:70 - Updater plugin not ready yet. [1/15]
2025-06-27 22:10:49,535 [INFO] PluginManage:359 - Loaded plugin tools (category:base,tabindex:7)
2025-06-27 22:10:49,538 [INFO] PluginManage:310 - Check plugin tutovideos
2025-06-27 22:10:50,333 [INFO] PluginManage:359 - Loaded plugin tutovideos (category:base,tabindex:-1)
2025-06-27 22:10:50,334 [INFO] PluginManage:310 - Check plugin updater
2025-06-27 22:10:50,429 [INFO] PluginManage:359 - Loaded plugin updater (category:base,tabindex:12)
2025-06-27 22:10:50,432 [INFO] PluginManage:310 - Check plugin userauth
2025-06-27 22:10:50,443 [INFO] UserAuth:118 - Init User Auth plugin
2025-06-27 22:10:50,447 [INFO] PluginManage:359 - Loaded plugin userauth (category:base,tabindex:14)
2025-06-27 22:10:50,448 [INFO] PluginManage:283 - PluginManage : Loaded plugins [18]
2025-06-27 22:10:51,424 [INFO] PinOutPanel:1589 - setPackage(No Configuration,No Configuration)
2025-06-27 22:10:51,872 [INFO] CADModel:165 - CPN selected for project level
2025-06-27 22:10:51,872 [INFO] CADModel:114 - Register for checkConnection events
2025-06-27 22:10:52,030 [INFO] IPUIPlugin:80 - create IPUIPlugin
2025-06-27 22:10:52,031 [INFO] PluginManager:220 - loadIPPluginJar : add adc
2025-06-27 22:10:52,259 [INFO] IPUIPlugin:80 - create IPUIPlugin
2025-06-27 22:10:52,265 [INFO] PluginManager:220 - loadIPPluginJar : add aes
2025-06-27 22:10:52,284 [INFO] ThirdPartyUpdaterWithRetryManager:70 - Updater plugin not ready yet. [2/15]
2025-06-27 22:10:52,529 [INFO] IPUIPlugin:80 - create IPUIPlugin
2025-06-27 22:10:52,530 [INFO] PluginManager:220 - loadIPPluginJar : add can
2025-06-27 22:10:52,671 [INFO] IPUIPlugin:80 - create IPUIPlugin
2025-06-27 22:10:52,672 [INFO] PluginManager:220 - loadIPPluginJar : add comp
2025-06-27 22:10:52,869 [INFO] IPUIPlugin:80 - create IPUIPlugin
2025-06-27 22:10:52,869 [INFO] PluginManager:220 - loadIPPluginJar : add cryp
2025-06-27 22:10:52,932 [INFO] IPUIPlugin:80 - create IPUIPlugin
2025-06-27 22:10:52,933 [INFO] PluginManager:220 - loadIPPluginJar : add ddr_ctrl_phy
2025-06-27 22:10:53,106 [INFO] IPUIPlugin:80 - create IPUIPlugin
2025-06-27 22:10:53,106 [INFO] PluginManager:220 - loadIPPluginJar : add dfsdm
2025-06-27 22:10:53,197 [INFO] IPUIPlugin:80 - create IPUIPlugin
2025-06-27 22:10:53,199 [INFO] PluginManager:220 - loadIPPluginJar : add dma
2025-06-27 22:10:53,446 [INFO] IPUIPlugin:80 - create IPUIPlugin
2025-06-27 22:10:53,446 [INFO] PluginManager:220 - loadIPPluginJar : add dma3
2025-06-27 22:10:53,688 [INFO] IPUIPlugin:80 - create IPUIPlugin
2025-06-27 22:10:53,689 [INFO] PluginManager:220 - loadIPPluginJar : add extmemmanager
2025-06-27 22:10:53,827 [INFO] IPUIPlugin:80 - create IPUIPlugin
2025-06-27 22:10:53,828 [INFO] PluginManager:220 - loadIPPluginJar : add fatfs
2025-06-27 22:10:54,082 [INFO] IPUIPlugin:80 - create IPUIPlugin
2025-06-27 22:10:54,082 [INFO] PluginManager:220 - loadIPPluginJar : add fmc
2025-06-27 22:10:54,162 [INFO] IPUIPlugin:80 - create IPUIPlugin
2025-06-27 22:10:54,163 [INFO] PluginManager:220 - loadIPPluginJar : add freertos
2025-06-27 22:10:54,279 [INFO] IPUIPlugin:80 - create IPUIPlugin
2025-06-27 22:10:54,279 [INFO] PluginManager:220 - loadIPPluginJar : add genericplugin
2025-06-27 22:10:54,896 [INFO] IPUIPlugin:80 - create IPUIPlugin
2025-06-27 22:10:54,896 [INFO] PluginManager:220 - loadIPPluginJar : add gfxmmu
2025-06-27 22:10:55,286 [INFO] ThirdPartyUpdaterWithRetryManager:70 - Updater plugin not ready yet. [3/15]
2025-06-27 22:10:55,679 [INFO] IPUIPlugin:80 - create IPUIPlugin
2025-06-27 22:10:55,682 [INFO] PluginManager:220 - loadIPPluginJar : add gic
2025-06-27 22:10:55,747 [INFO] IPUIPlugin:80 - create IPUIPlugin
2025-06-27 22:10:55,748 [INFO] PluginManager:220 - loadIPPluginJar : add gpio
2025-06-27 22:10:56,273 [INFO] IPUIPlugin:80 - create IPUIPlugin
2025-06-27 22:10:56,274 [INFO] PluginManager:220 - loadIPPluginJar : add gtzc
2025-06-27 22:10:56,456 [INFO] IPUIPlugin:80 - create IPUIPlugin
2025-06-27 22:10:56,457 [INFO] PluginManager:220 - loadIPPluginJar : add hash
2025-06-27 22:10:56,757 [INFO] IPUIPlugin:80 - create IPUIPlugin
2025-06-27 22:10:56,762 [INFO] PluginManager:220 - loadIPPluginJar : add i2c
2025-06-27 22:10:56,999 [INFO] IPUIPlugin:80 - create IPUIPlugin
2025-06-27 22:10:57,000 [INFO] PluginManager:220 - loadIPPluginJar : add i2s
2025-06-27 22:10:57,224 [INFO] IPUIPlugin:80 - create IPUIPlugin
2025-06-27 22:10:57,225 [INFO] PluginManager:220 - loadIPPluginJar : add i3c
2025-06-27 22:10:57,839 [INFO] IPUIPlugin:80 - create IPUIPlugin
2025-06-27 22:10:57,845 [INFO] PluginManager:220 - loadIPPluginJar : add ipddr
2025-06-27 22:10:58,288 [INFO] ThirdPartyUpdaterWithRetryManager:70 - Updater plugin not ready yet. [4/15]
2025-06-27 22:10:58,377 [INFO] IPUIPlugin:80 - create IPUIPlugin
2025-06-27 22:10:58,377 [INFO] PluginManager:220 - loadIPPluginJar : add linkedlist
2025-06-27 22:10:58,589 [INFO] IPUIPlugin:80 - create IPUIPlugin
2025-06-27 22:10:58,589 [INFO] PluginManager:220 - loadIPPluginJar : add lorawan
2025-06-27 22:10:58,821 [INFO] IPUIPlugin:80 - create IPUIPlugin
2025-06-27 22:10:58,821 [INFO] PluginManager:220 - loadIPPluginJar : add ltdc
2025-06-27 22:10:58,879 [INFO] IPUIPlugin:80 - create IPUIPlugin
2025-06-27 22:10:58,880 [INFO] PluginManager:220 - loadIPPluginJar : add mdma
2025-06-27 22:10:58,942 [INFO] IPUIPlugin:80 - create IPUIPlugin
2025-06-27 22:10:58,942 [INFO] PluginManager:220 - loadIPPluginJar : add nvic
2025-06-27 22:10:59,155 [INFO] IPUIPlugin:80 - create IPUIPlugin
2025-06-27 22:10:59,156 [INFO] PluginManager:220 - loadIPPluginJar : add opamp
2025-06-27 22:10:59,543 [INFO] IPUIPlugin:80 - create IPUIPlugin
2025-06-27 22:10:59,543 [INFO] PluginManager:220 - loadIPPluginJar : add openamp
2025-06-27 22:10:59,811 [INFO] IPUIPlugin:80 - create IPUIPlugin
2025-06-27 22:10:59,812 [INFO] PluginManager:220 - loadIPPluginJar : add pdm2pcm
2025-06-27 22:10:59,856 [INFO] IPUIPlugin:80 - create IPUIPlugin
2025-06-27 22:10:59,863 [INFO] PluginManager:220 - loadIPPluginJar : add plateformsettings
2025-06-27 22:10:59,991 [INFO] IPUIPlugin:80 - create IPUIPlugin
2025-06-27 22:10:59,992 [INFO] PluginManager:220 - loadIPPluginJar : add quadspi
2025-06-27 22:11:00,169 [INFO] IPUIPlugin:80 - create IPUIPlugin
2025-06-27 22:11:00,172 [INFO] PluginManager:220 - loadIPPluginJar : add radio
2025-06-27 22:11:00,249 [INFO] IPUIPlugin:80 - create IPUIPlugin
2025-06-27 22:11:00,249 [INFO] PluginManager:220 - loadIPPluginJar : add resmgrutility
2025-06-27 22:11:00,486 [INFO] IPUIPlugin:80 - create IPUIPlugin
2025-06-27 22:11:00,486 [INFO] PluginManager:220 - loadIPPluginJar : add sai
2025-06-27 22:11:00,690 [INFO] IPUIPlugin:80 - create IPUIPlugin
2025-06-27 22:11:00,692 [INFO] PluginManager:220 - loadIPPluginJar : add spi
2025-06-27 22:11:01,123 [INFO] IPUIPlugin:80 - create IPUIPlugin
2025-06-27 22:11:01,124 [INFO] PluginManager:220 - loadIPPluginJar : add stm32_wpan
2025-06-27 22:11:01,262 [INFO] IPUIPlugin:80 - create IPUIPlugin
2025-06-27 22:11:01,262 [INFO] PluginManager:220 - loadIPPluginJar : add tim
2025-06-27 22:11:01,292 [INFO] ThirdPartyUpdaterWithRetryManager:70 - Updater plugin not ready yet. [5/15]
2025-06-27 22:11:01,566 [INFO] IPUIPlugin:80 - create IPUIPlugin
2025-06-27 22:11:01,567 [INFO] PluginManager:220 - loadIPPluginJar : add touchsensing
2025-06-27 22:11:01,689 [INFO] IPUIPlugin:80 - create IPUIPlugin
2025-06-27 22:11:01,690 [INFO] PluginManager:220 - loadIPPluginJar : add tracer_emb
2025-06-27 22:11:01,831 [INFO] IPUIPlugin:80 - create IPUIPlugin
2025-06-27 22:11:01,831 [INFO] PluginManager:220 - loadIPPluginJar : add ts
2025-06-27 22:11:01,955 [INFO] IPUIPlugin:80 - create IPUIPlugin
2025-06-27 22:11:01,958 [INFO] PluginManager:220 - loadIPPluginJar : add tsc
2025-06-27 22:11:02,112 [INFO] IPUIPlugin:80 - create IPUIPlugin
2025-06-27 22:11:02,114 [INFO] PluginManager:220 - loadIPPluginJar : add ucpd
2025-06-27 22:11:02,370 [INFO] IPUIPlugin:80 - create IPUIPlugin
2025-06-27 22:11:02,371 [INFO] PluginManager:220 - loadIPPluginJar : add usart
2025-06-27 22:11:02,646 [INFO] IPUIPlugin:80 - create IPUIPlugin
2025-06-27 22:11:02,647 [INFO] PluginManager:220 - loadIPPluginJar : add usbx
2025-06-27 22:11:03,027 [FATAL] Updater:351 - Updater called before beeing initialized
2025-06-27 22:11:03,142 [INFO] RulesReader:64 - Compatibility file has been processed (302 Rules)
2025-06-27 22:11:03,180 [INFO] RulesReader:64 - Compatibility file has been processed (302 Rules)
2025-06-27 22:11:03,212 [INFO] CADModel:165 - CPN selected for project level
2025-06-27 22:11:03,212 [INFO] CADModel:114 - Register for checkConnection events
2025-06-27 22:11:03,213 [FATAL] Updater:351 - Updater called before beeing initialized
2025-06-27 22:11:03,213 [ERROR] CADModel:125 - Updater not yet initialized, retry later 
2025-06-27 22:11:03,917 [FATAL] Updater:351 - Updater called before beeing initialized
2025-06-27 22:11:03,922 [INFO] CADModel:165 - CPN selected for project level
2025-06-27 22:11:03,922 [INFO] CADModel:114 - Register for checkConnection events
2025-06-27 22:11:03,923 [FATAL] Updater:351 - Updater called before beeing initialized
2025-06-27 22:11:03,923 [ERROR] CADModel:125 - Updater not yet initialized, retry later 
2025-06-27 22:11:03,946 [FATAL] Updater:351 - Updater called before beeing initialized
2025-06-27 22:11:04,294 [INFO] ThirdPartyUpdaterWithRetryManager:70 - Updater plugin not ready yet. [6/15]
2025-06-27 22:11:04,424 [FATAL] Updater:351 - Updater called before beeing initialized
2025-06-27 22:11:04,470 [INFO] DbMcusAds:53 - JSON generation date=Thu Jun 19 10:32:34 CEST 2025 (1750321954312)
2025-06-27 22:11:04,471 [FATAL] Updater:351 - Updater called before beeing initialized
2025-06-27 22:11:04,774 [WARN] DetailPanel:346 - Failed to get advertising image, set to default
2025-06-27 22:11:05,901 [FATAL] Updater:351 - Updater called before beeing initialized
2025-06-27 22:11:05,925 [FATAL] Updater:351 - Updater called before beeing initialized
2025-06-27 22:11:05,925 [FATAL] Updater:351 - Updater called before beeing initialized
2025-06-27 22:11:05,926 [WARN] DetailPanel:346 - Failed to get advertising image, set to default
2025-06-27 22:11:05,928 [FATAL] Updater:351 - Updater called before beeing initialized
2025-06-27 22:11:06,239 [ERROR] Updater:1198 - MainUpdater not yet initialized. External WinMGr cannot be set.
2025-06-27 22:11:06,294 [INFO] Updater:1134 - Updater Version found : 6.14.1
2025-06-27 22:11:06,397 [INFO] ApplicationProperties:184 - Using Application install path: D:\STM_IDE\STM32CubeIDE_1.18.1\STM32CubeIDE\plugins\com.st.stm32cube.common.mx_6.14.1.202504091515
2025-06-27 22:11:07,295 [FATAL] Updater:351 - Updater called before beeing initialized
2025-06-27 22:11:07,296 [ERROR] IntegrityCheckThread:130 - Cannot retrieve database content from updater: error 21
2025-06-27 22:11:07,296 [INFO] ThirdParty:978 - Integrity check success = false
2025-06-27 22:11:07,297 [INFO] IntegrityCheckThread:100 - exiting critical section [integrity check]
2025-06-27 22:11:07,297 [INFO] IntegrityCheckThread:103 - End integrity checks thread
2025-06-27 22:11:08,067 [ERROR] LogOutputStream:75 - [STDERR_REDIRECT] Jun 27, 2025 10:11:08 PM java.util.prefs.WindowsPreferences <init>
2025-06-27 22:11:08,073 [ERROR] LogOutputStream:75 - [STDERR_REDIRECT] WARNING: Could not open/create prefs root node Software\JavaSoft\Prefs at root 0xffffffff80000002. Windows RegCreateKeyEx(...) returned error code 5.
2025-06-27 22:11:08,073 [ERROR] LogOutputStream:75 - [STDERR_REDIRECT] 
2025-06-27 22:11:09,391 [INFO] MainUpdater:2872 - connection check result : 10
2025-06-27 22:11:09,399 [INFO] MainUpdater:3566 - Updater definition file requires update
2025-06-27 22:11:09,404 [INFO] MainUpdater:289 - Updater Check For Update Now.
2025-06-27 22:11:09,405 [INFO] MicroXplorer:498 - Change Database Version : DB.6.0.141
2025-06-27 22:11:09,495 [INFO] McuFinderGlobals:63 - Set McuFinder mode to 2 (CubeIDE integrated)
2025-06-27 22:11:09,495 [INFO] UserAuth:171 - activating auth plugin
2025-06-27 22:11:09,503 [INFO] UserAuth:484 - Internet connection configuration mode: 1
2025-06-27 22:11:09,545 [INFO] ServerAccessManage:473 - Download File updaters.zip
2025-06-27 22:11:09,652 [INFO] JxBrowserEngine:152 - Initiate JxBrowser Engine with user profile folder
2025-06-27 22:11:09,927 [INFO] FileExtend:242 - Unzip File : updaters.zip
2025-06-27 22:11:09,927 [INFO] FileExtend:257 - Standard Zip Deflate
2025-06-27 22:11:14,943 [INFO] ServerAccessManage:473 - Download File PacksControlFlags.xml
2025-06-27 22:11:15,267 [INFO] ServerAccessManage:473 - Download File cubemx.pidx
2025-06-27 22:11:15,958 [INFO] WebApp:169 - Instantiating new browser for Auth
2025-06-27 22:11:17,556 [INFO] ServerAccessManage:473 - Download File STMicroelectronics.FP-SNS-STAIOTCFT.pdsc
2025-06-27 22:11:20,045 [INFO] WebApp:463 - Apply proxy settings
2025-06-27 22:11:20,055 [INFO] WebApp:548 - Chromium requires no authentication
2025-06-27 22:11:20,146 [INFO] WebApp:491 - Direct internet connection detected
2025-06-27 22:11:20,318 [INFO] WebApp:894 - Register for checkConnection events
2025-06-27 22:11:20,320 [INFO] WebApp:463 - Apply proxy settings
2025-06-27 22:11:20,320 [INFO] WebApp:548 - Chromium requires no authentication
2025-06-27 22:11:20,321 [INFO] WebApp:491 - Direct internet connection detected
2025-06-27 22:11:20,973 [INFO] WebApp:191 - Connection restablished
2025-06-27 22:11:21,848 [INFO] WebApp:225 - Starting web application
2025-06-27 22:11:21,848 [INFO] WebApp:593 - Web application path used D:\STM_IDE\STM32CubeIDE_1.18.1\STM32CubeIDE\plugins\com.st.stm32cube.common.mx_6.14.1.202504091515\db\plugins\mcufinder\reactClient1\index.html
2025-06-27 22:11:40,845 [WARN] PackLoader:240 - Cannot read IP mode file for STMicroelectronics.FP-SNS-STAIOTCFT.1.0.0
2025-06-27 22:11:40,859 [INFO] PopulateThirdPartyThread:66 - Ending populate Thread
2025-06-27 22:11:40,876 [INFO] ThirdParty:1030 - CMSIS Pack Vendor :STMicroelectronics FP-SNS-STAIOTCFT 1.0.0
2025-06-27 22:11:40,878 [INFO] LoadServerUpdatesThread:375 - End of LoadServerUpdate Thread
2025-06-27 22:11:42,916 [INFO] CheckServerUpdateThread:120 - End of CheckServer Thread
2025-06-27 22:31:56,215 [INFO] WebApp:194 - Connection lost
2025-06-27 22:31:58,085 [INFO] WebApp:191 - Connection restablished
2025-06-27 22:31:58,263 [INFO] WebApp:194 - Connection lost
2025-06-27 22:31:58,518 [INFO] WebApp:191 - Connection restablished
2025-06-27 22:33:43,565 [INFO] WebApp:194 - Connection lost
2025-06-27 22:33:43,921 [INFO] WebApp:191 - Connection restablished
2025-06-27 22:52:44,752 [ERROR] LogOutputStream:75 - [STDERR_REDIRECT] 
