2025-06-11 12:51:24,720 [INFO] Activator:176 - 


2025-06-11 12:51:24,730 [INFO] Activator:177 - !SESSION log4j initialized
2025-06-11 12:51:43,461 [INFO] LogOutputStream:77 - [STDOUT_REDIRECT] 
2025-06-11 12:51:55,748 [INFO] ApplicationProperties:184 - Using Application install path: D:\STM_IDE\STM32CubeIDE_1.18.1\STM32CubeIDE\plugins\com.st.stm32cube.common.mx_6.14.1.202504091515
2025-06-11 12:51:55,817 [INFO] DbMcusXml:78 - Set database path to: D:\STM_IDE\STM32CubeIDE_1.18.1\STM32CubeIDE\plugins\com.st.stm32cube.common.mx_6.14.1.202504091515\\db\/mcu/
2025-06-11 12:51:55,817 [INFO] ApiDb:274 - Set plugin database path to: D:\STM_IDE\STM32CubeIDE_1.18.1\STM32CubeIDE\plugins\com.st.stm32cube.common.mx_6.14.1.202504091515\\db\/plugins/boardmanager/
2025-06-11 12:51:55,827 [WARN] ApiDb:259 - Overriding images path with different value:  => D:\STM_IDE\STM32CubeIDE_1.18.1\STM32CubeIDE\plugins\com.st.stm32cube.common.mx_6.14.1.202504091515\\db\/plugins/mcufinder/images/
2025-06-11 12:51:56,058 [INFO] ApiDb:250 - Set database path to: C:\Users\vigne\.stmcufinder\plugins\mcufinder//mcu/
2025-06-11 12:51:56,070 [INFO] DbMcusAds:125 - Set database path to: C:\Users\vigne\.stmcufinder\plugins\mcufinder//mcu/
2025-06-11 12:51:56,249 [INFO] CrossReferenceDbSqlite:203 - Set database path to: C:\Users\vigne\.stmcufinder\plugins\mcufinder//mcu/cs/
2025-06-11 12:51:56,869 [INFO] RulesReader:64 - Compatibility file has been processed (302 Rules)
2025-06-11 12:51:57,219 [INFO] DbMcusXml:78 - Set database path to: D:\STM_IDE\STM32CubeIDE_1.18.1\STM32CubeIDE\plugins\com.st.stm32cube.common.mx_6.14.1.202504091515\\db\/mcu/
2025-06-11 12:51:57,221 [INFO] ApiDb:274 - Set plugin database path to: D:\STM_IDE\STM32CubeIDE_1.18.1\STM32CubeIDE\plugins\com.st.stm32cube.common.mx_6.14.1.202504091515\\db\/plugins/boardmanager/
2025-06-11 12:51:57,221 [INFO] ApiDb:261 - Set plugin images path to: D:\STM_IDE\STM32CubeIDE_1.18.1\STM32CubeIDE\plugins\com.st.stm32cube.common.mx_6.14.1.202504091515\\db\/plugins/mcufinder/images/
2025-06-11 12:51:57,221 [WARN] DbFile:41 - Overriding database path with different value: C:\Users\vigne\.stmcufinder\plugins\mcufinder/ => C:\Users\vigne\.stmcufinder\plugins\mcufinder
2025-06-11 12:51:57,221 [INFO] ApiDb:250 - Set database path to: C:\Users\vigne\.stmcufinder\plugins\mcufinder//mcu/
2025-06-11 12:51:57,221 [WARN] DbFile:41 - Overriding database path with different value: C:\Users\vigne\.stmcufinder\plugins\mcufinder/ => C:\Users\vigne\.stmcufinder\plugins\mcufinder
2025-06-11 12:51:57,221 [INFO] DbMcusAds:125 - Set database path to: C:\Users\vigne\.stmcufinder\plugins\mcufinder//mcu/
2025-06-11 12:51:57,221 [WARN] DbFile:41 - Overriding database path with different value: C:\Users\vigne\.stmcufinder\plugins\mcufinder/ => C:\Users\vigne\.stmcufinder\plugins\mcufinder
2025-06-11 12:51:57,221 [WARN] DbFile:41 - Overriding database path with different value: C:\Users\vigne\.stmcufinder\plugins\mcufinder/ => C:\Users\vigne\.stmcufinder\plugins\mcufinder
2025-06-11 12:51:57,221 [INFO] CrossReferenceDbSqlite:203 - Set database path to: C:\Users\vigne\.stmcufinder\plugins\mcufinder//mcu/cs/
2025-06-11 12:51:57,873 [INFO] MainPanel:272 - HeapMemory: 268435456
2025-06-11 12:51:58,400 [INFO] DbMcusXml:78 - Set database path to: D:\STM_IDE\STM32CubeIDE_1.18.1\STM32CubeIDE\plugins\com.st.stm32cube.common.mx_6.14.1.202504091515\\db\/mcu/
2025-06-11 12:51:58,400 [INFO] ApiDb:274 - Set plugin database path to: D:\STM_IDE\STM32CubeIDE_1.18.1\STM32CubeIDE\plugins\com.st.stm32cube.common.mx_6.14.1.202504091515\\db\/plugins/boardmanager/
2025-06-11 12:51:58,402 [INFO] ApiDb:261 - Set plugin images path to: D:\STM_IDE\STM32CubeIDE_1.18.1\STM32CubeIDE\plugins\com.st.stm32cube.common.mx_6.14.1.202504091515\\db\/plugins/mcufinder/images/
2025-06-11 12:51:58,402 [WARN] DbFile:41 - Overriding database path with different value: C:\Users\vigne\.stmcufinder\plugins\mcufinder/ => C:\Users\vigne\.stmcufinder\plugins\mcufinder
2025-06-11 12:51:58,402 [INFO] ApiDb:250 - Set database path to: C:\Users\vigne\.stmcufinder\plugins\mcufinder//mcu/
2025-06-11 12:51:58,404 [WARN] DbFile:41 - Overriding database path with different value: C:\Users\vigne\.stmcufinder\plugins\mcufinder/ => C:\Users\vigne\.stmcufinder\plugins\mcufinder
2025-06-11 12:51:58,405 [INFO] DbMcusAds:125 - Set database path to: C:\Users\vigne\.stmcufinder\plugins\mcufinder//mcu/
2025-06-11 12:51:58,405 [WARN] DbFile:41 - Overriding database path with different value: C:\Users\vigne\.stmcufinder\plugins\mcufinder/ => C:\Users\vigne\.stmcufinder\plugins\mcufinder
2025-06-11 12:51:58,405 [WARN] DbFile:41 - Overriding database path with different value: C:\Users\vigne\.stmcufinder\plugins\mcufinder/ => C:\Users\vigne\.stmcufinder\plugins\mcufinder
2025-06-11 12:51:58,405 [INFO] CrossReferenceDbSqlite:203 - Set database path to: C:\Users\vigne\.stmcufinder\plugins\mcufinder//mcu/cs/
2025-06-11 12:51:58,466 [INFO] ApplicationProperties:184 - Using Application install path: D:\STM_IDE\STM32CubeIDE_1.18.1\STM32CubeIDE\plugins\com.st.stm32cube.common.mx_6.14.1.202504091515
2025-06-11 12:51:58,470 [INFO] PluginManage:196 - Search for loadable plugins [exclusion list=, ]
2025-06-11 12:51:58,473 [INFO] PluginManage:310 - Check plugin analytics
2025-06-11 12:51:59,651 [INFO] AnalyticsPlugin:253 - Accepted Software Licenses: STM32CubeMX.6.14.1
2025-06-11 12:51:59,651 [INFO] AnalyticsPlugin:255 - Accepted CMSIS Pack Licenses: 
2025-06-11 12:51:59,651 [INFO] AnalyticsPlugin:257 - Accepted Firmware Licenses: FW.L4.1.18.0
2025-06-11 12:51:59,667 [INFO] PluginManage:359 - Loaded plugin analytics (category:tool,tabindex:-1)
2025-06-11 12:51:59,667 [INFO] PluginManage:310 - Check plugin cadmodel
2025-06-11 12:51:59,726 [INFO] CADModel:105 - Init CAD model plugin
2025-06-11 12:51:59,727 [INFO] PluginManage:359 - Loaded plugin cadmodel (category:power,tabindex:5)
2025-06-11 12:51:59,727 [INFO] PluginManage:310 - Check plugin clock
2025-06-11 12:51:59,809 [INFO] PluginManage:359 - Loaded plugin clock (category:base,tabindex:2)
2025-06-11 12:51:59,809 [INFO] PluginManage:310 - Check plugin ddr
2025-06-11 12:51:59,817 [INFO] PluginManage:359 - Loaded plugin ddr (category:tool,tabindex:6)
2025-06-11 12:51:59,818 [INFO] PluginManage:310 - Check plugin filemanager
2025-06-11 12:52:00,415 [INFO] PluginManage:359 - Loaded plugin filemanager (category:base,tabindex:10)
2025-06-11 12:52:00,415 [INFO] PluginManage:310 - Check plugin ipmanager
2025-06-11 12:52:00,481 [INFO] PluginManage:359 - Loaded plugin ipmanager (category:base,tabindex:5)
2025-06-11 12:52:00,482 [INFO] PluginManage:310 - Check plugin lpbam
2025-06-11 12:52:00,541 [INFO] PluginManage:359 - Loaded plugin lpbam (category:base,tabindex:0)
2025-06-11 12:52:00,541 [INFO] PluginManage:310 - Check plugin memorymap
2025-06-11 12:52:00,608 [INFO] PluginManage:359 - Loaded plugin memorymap (category:base,tabindex:4)
2025-06-11 12:52:00,611 [INFO] PluginManage:310 - Check plugin pinoutandconfiguration
2025-06-11 12:52:00,657 [INFO] PluginManage:359 - Loaded plugin pinoutandconfiguration (category:base,tabindex:1)
2025-06-11 12:52:00,658 [INFO] PluginManage:310 - Check plugin pinoutconfig
2025-06-11 12:52:00,930 [WARN] SupportedApi:132 - Cannot load RTOS API schema: s4s-elt-must-match.1: The content of 'definitions' must match (annotation?, (simpleType | complexType)?, (unique | key | keyref)*)). A problem was found starting at: attribute.
2025-06-11 12:52:01,326 [INFO] PluginManage:359 - Loaded plugin pinoutconfig (category:base,tabindex:0)
2025-06-11 12:52:01,326 [INFO] PluginManage:310 - Check plugin power
2025-06-11 12:52:01,495 [INFO] PluginManage:359 - Loaded plugin power (category:power,tabindex:4)
2025-06-11 12:52:01,496 [INFO] PluginManage:310 - Check plugin projectmanager
2025-06-11 12:52:01,573 [INFO] PluginManage:359 - Loaded plugin projectmanager (category:projectmanager,tabindex:4)
2025-06-11 12:52:01,573 [INFO] PluginManage:310 - Check plugin rif
2025-06-11 12:52:01,631 [INFO] PluginManage:359 - Loaded plugin rif (category:base,tabindex:3)
2025-06-11 12:52:01,631 [INFO] PluginManage:310 - Check plugin thirdparty
2025-06-11 12:52:02,563 [INFO] PluginManage:359 - Loaded plugin thirdparty (category:base,tabindex:-1)
2025-06-11 12:52:02,563 [INFO] PluginManage:310 - Check plugin tools
2025-06-11 12:52:02,563 [WARN] IntegrityCheckThread:84 - waiting for thirdparty lock release [integrity check]
2025-06-11 12:52:02,565 [INFO] IntegrityCheckThread:86 - entering critical section [integrity check]
2025-06-11 12:52:02,566 [INFO] ThirdPartyUpdaterWithRetryManager:70 - Updater plugin not ready yet. [1/15]
2025-06-11 12:52:02,712 [INFO] PluginManage:359 - Loaded plugin tools (category:base,tabindex:7)
2025-06-11 12:52:02,714 [INFO] PluginManage:310 - Check plugin tutovideos
2025-06-11 12:52:03,194 [INFO] PluginManage:359 - Loaded plugin tutovideos (category:base,tabindex:-1)
2025-06-11 12:52:03,194 [INFO] PluginManage:310 - Check plugin updater
2025-06-11 12:52:03,249 [INFO] PluginManage:359 - Loaded plugin updater (category:base,tabindex:12)
2025-06-11 12:52:03,250 [INFO] PluginManage:310 - Check plugin userauth
2025-06-11 12:52:03,260 [INFO] UserAuth:118 - Init User Auth plugin
2025-06-11 12:52:03,264 [INFO] PluginManage:359 - Loaded plugin userauth (category:base,tabindex:14)
2025-06-11 12:52:03,265 [INFO] PluginManage:283 - PluginManage : Loaded plugins [18]
2025-06-11 12:52:04,184 [INFO] PinOutPanel:1589 - setPackage(No Configuration,No Configuration)
2025-06-11 12:52:04,719 [INFO] CADModel:165 - CPN selected for project level
2025-06-11 12:52:04,720 [INFO] CADModel:114 - Register for checkConnection events
2025-06-11 12:52:04,963 [INFO] IPUIPlugin:80 - create IPUIPlugin
2025-06-11 12:52:04,968 [INFO] PluginManager:220 - loadIPPluginJar : add adc
2025-06-11 12:52:05,226 [INFO] IPUIPlugin:80 - create IPUIPlugin
2025-06-11 12:52:05,226 [INFO] PluginManager:220 - loadIPPluginJar : add aes
2025-06-11 12:52:05,391 [INFO] IPUIPlugin:80 - create IPUIPlugin
2025-06-11 12:52:05,392 [INFO] PluginManager:220 - loadIPPluginJar : add can
2025-06-11 12:52:05,494 [INFO] IPUIPlugin:80 - create IPUIPlugin
2025-06-11 12:52:05,494 [INFO] PluginManager:220 - loadIPPluginJar : add comp
2025-06-11 12:52:05,571 [INFO] ThirdPartyUpdaterWithRetryManager:70 - Updater plugin not ready yet. [2/15]
2025-06-11 12:52:05,986 [INFO] IPUIPlugin:80 - create IPUIPlugin
2025-06-11 12:52:05,989 [INFO] PluginManager:220 - loadIPPluginJar : add cryp
2025-06-11 12:52:06,066 [INFO] IPUIPlugin:80 - create IPUIPlugin
2025-06-11 12:52:06,066 [INFO] PluginManager:220 - loadIPPluginJar : add ddr_ctrl_phy
2025-06-11 12:52:06,181 [INFO] IPUIPlugin:80 - create IPUIPlugin
2025-06-11 12:52:06,183 [INFO] PluginManager:220 - loadIPPluginJar : add dfsdm
2025-06-11 12:52:06,230 [INFO] IPUIPlugin:80 - create IPUIPlugin
2025-06-11 12:52:06,236 [INFO] PluginManager:220 - loadIPPluginJar : add dma
2025-06-11 12:52:06,750 [INFO] IPUIPlugin:80 - create IPUIPlugin
2025-06-11 12:52:06,751 [INFO] PluginManager:220 - loadIPPluginJar : add dma3
2025-06-11 12:52:07,259 [INFO] IPUIPlugin:80 - create IPUIPlugin
2025-06-11 12:52:07,261 [INFO] PluginManager:220 - loadIPPluginJar : add extmemmanager
2025-06-11 12:52:07,551 [INFO] IPUIPlugin:80 - create IPUIPlugin
2025-06-11 12:52:07,553 [INFO] PluginManager:220 - loadIPPluginJar : add fatfs
2025-06-11 12:52:08,050 [INFO] IPUIPlugin:80 - create IPUIPlugin
2025-06-11 12:52:08,050 [INFO] PluginManager:220 - loadIPPluginJar : add fmc
2025-06-11 12:52:08,181 [INFO] IPUIPlugin:80 - create IPUIPlugin
2025-06-11 12:52:08,186 [INFO] PluginManager:220 - loadIPPluginJar : add freertos
2025-06-11 12:52:08,461 [INFO] IPUIPlugin:80 - create IPUIPlugin
2025-06-11 12:52:08,463 [INFO] PluginManager:220 - loadIPPluginJar : add genericplugin
2025-06-11 12:52:08,583 [INFO] ThirdPartyUpdaterWithRetryManager:70 - Updater plugin not ready yet. [3/15]
2025-06-11 12:52:09,561 [INFO] IPUIPlugin:80 - create IPUIPlugin
2025-06-11 12:52:09,561 [INFO] PluginManager:220 - loadIPPluginJar : add gfxmmu
2025-06-11 12:52:10,034 [INFO] IPUIPlugin:80 - create IPUIPlugin
2025-06-11 12:52:10,034 [INFO] PluginManager:220 - loadIPPluginJar : add gic
2025-06-11 12:52:10,070 [INFO] IPUIPlugin:80 - create IPUIPlugin
2025-06-11 12:52:10,070 [INFO] PluginManager:220 - loadIPPluginJar : add gpio
2025-06-11 12:52:10,418 [INFO] IPUIPlugin:80 - create IPUIPlugin
2025-06-11 12:52:10,418 [INFO] PluginManager:220 - loadIPPluginJar : add gtzc
2025-06-11 12:52:10,525 [INFO] IPUIPlugin:80 - create IPUIPlugin
2025-06-11 12:52:10,525 [INFO] PluginManager:220 - loadIPPluginJar : add hash
2025-06-11 12:52:10,699 [INFO] IPUIPlugin:80 - create IPUIPlugin
2025-06-11 12:52:10,699 [INFO] PluginManager:220 - loadIPPluginJar : add i2c
2025-06-11 12:52:10,853 [INFO] IPUIPlugin:80 - create IPUIPlugin
2025-06-11 12:52:10,853 [INFO] PluginManager:220 - loadIPPluginJar : add i2s
2025-06-11 12:52:11,014 [INFO] IPUIPlugin:80 - create IPUIPlugin
2025-06-11 12:52:11,014 [INFO] PluginManager:220 - loadIPPluginJar : add i3c
2025-06-11 12:52:11,444 [INFO] IPUIPlugin:80 - create IPUIPlugin
2025-06-11 12:52:11,448 [INFO] PluginManager:220 - loadIPPluginJar : add ipddr
2025-06-11 12:52:11,593 [INFO] ThirdPartyUpdaterWithRetryManager:70 - Updater plugin not ready yet. [4/15]
2025-06-11 12:52:11,807 [INFO] IPUIPlugin:80 - create IPUIPlugin
2025-06-11 12:52:11,807 [INFO] PluginManager:220 - loadIPPluginJar : add linkedlist
2025-06-11 12:52:11,935 [INFO] IPUIPlugin:80 - create IPUIPlugin
2025-06-11 12:52:11,935 [INFO] PluginManager:220 - loadIPPluginJar : add lorawan
2025-06-11 12:52:12,074 [INFO] IPUIPlugin:80 - create IPUIPlugin
2025-06-11 12:52:12,074 [INFO] PluginManager:220 - loadIPPluginJar : add ltdc
2025-06-11 12:52:12,119 [INFO] IPUIPlugin:80 - create IPUIPlugin
2025-06-11 12:52:12,119 [INFO] PluginManager:220 - loadIPPluginJar : add mdma
2025-06-11 12:52:12,165 [INFO] IPUIPlugin:80 - create IPUIPlugin
2025-06-11 12:52:12,167 [INFO] PluginManager:220 - loadIPPluginJar : add nvic
2025-06-11 12:52:12,328 [INFO] IPUIPlugin:80 - create IPUIPlugin
2025-06-11 12:52:12,328 [INFO] PluginManager:220 - loadIPPluginJar : add opamp
2025-06-11 12:52:12,600 [INFO] IPUIPlugin:80 - create IPUIPlugin
2025-06-11 12:52:12,602 [INFO] PluginManager:220 - loadIPPluginJar : add openamp
2025-06-11 12:52:12,768 [INFO] IPUIPlugin:80 - create IPUIPlugin
2025-06-11 12:52:12,768 [INFO] PluginManager:220 - loadIPPluginJar : add pdm2pcm
2025-06-11 12:52:12,804 [INFO] IPUIPlugin:80 - create IPUIPlugin
2025-06-11 12:52:12,808 [INFO] PluginManager:220 - loadIPPluginJar : add plateformsettings
2025-06-11 12:52:12,920 [INFO] IPUIPlugin:80 - create IPUIPlugin
2025-06-11 12:52:12,920 [INFO] PluginManager:220 - loadIPPluginJar : add quadspi
2025-06-11 12:52:13,033 [INFO] IPUIPlugin:80 - create IPUIPlugin
2025-06-11 12:52:13,048 [INFO] PluginManager:220 - loadIPPluginJar : add radio
2025-06-11 12:52:13,097 [INFO] IPUIPlugin:80 - create IPUIPlugin
2025-06-11 12:52:13,097 [INFO] PluginManager:220 - loadIPPluginJar : add resmgrutility
2025-06-11 12:52:13,325 [INFO] IPUIPlugin:80 - create IPUIPlugin
2025-06-11 12:52:13,325 [INFO] PluginManager:220 - loadIPPluginJar : add sai
2025-06-11 12:52:13,493 [INFO] IPUIPlugin:80 - create IPUIPlugin
2025-06-11 12:52:13,493 [INFO] PluginManager:220 - loadIPPluginJar : add spi
2025-06-11 12:52:13,798 [INFO] IPUIPlugin:80 - create IPUIPlugin
2025-06-11 12:52:13,798 [INFO] PluginManager:220 - loadIPPluginJar : add stm32_wpan
2025-06-11 12:52:13,884 [INFO] IPUIPlugin:80 - create IPUIPlugin
2025-06-11 12:52:13,884 [INFO] PluginManager:220 - loadIPPluginJar : add tim
2025-06-11 12:52:14,123 [INFO] IPUIPlugin:80 - create IPUIPlugin
2025-06-11 12:52:14,125 [INFO] PluginManager:220 - loadIPPluginJar : add touchsensing
2025-06-11 12:52:14,199 [INFO] IPUIPlugin:80 - create IPUIPlugin
2025-06-11 12:52:14,199 [INFO] PluginManager:220 - loadIPPluginJar : add tracer_emb
2025-06-11 12:52:14,286 [INFO] IPUIPlugin:80 - create IPUIPlugin
2025-06-11 12:52:14,286 [INFO] PluginManager:220 - loadIPPluginJar : add ts
2025-06-11 12:52:14,371 [INFO] IPUIPlugin:80 - create IPUIPlugin
2025-06-11 12:52:14,371 [INFO] PluginManager:220 - loadIPPluginJar : add tsc
2025-06-11 12:52:14,452 [INFO] IPUIPlugin:80 - create IPUIPlugin
2025-06-11 12:52:14,452 [INFO] PluginManager:220 - loadIPPluginJar : add ucpd
2025-06-11 12:52:14,597 [INFO] ThirdPartyUpdaterWithRetryManager:70 - Updater plugin not ready yet. [5/15]
2025-06-11 12:52:14,613 [INFO] IPUIPlugin:80 - create IPUIPlugin
2025-06-11 12:52:14,613 [INFO] PluginManager:220 - loadIPPluginJar : add usart
2025-06-11 12:52:14,752 [INFO] IPUIPlugin:80 - create IPUIPlugin
2025-06-11 12:52:14,752 [INFO] PluginManager:220 - loadIPPluginJar : add usbx
2025-06-11 12:52:14,997 [FATAL] Updater:351 - Updater called before beeing initialized
2025-06-11 12:52:15,064 [INFO] RulesReader:64 - Compatibility file has been processed (302 Rules)
2025-06-11 12:52:15,090 [INFO] RulesReader:64 - Compatibility file has been processed (302 Rules)
2025-06-11 12:52:15,111 [INFO] CADModel:165 - CPN selected for project level
2025-06-11 12:52:15,111 [INFO] CADModel:114 - Register for checkConnection events
2025-06-11 12:52:15,111 [FATAL] Updater:351 - Updater called before beeing initialized
2025-06-11 12:52:15,111 [ERROR] CADModel:125 - Updater not yet initialized, retry later 
2025-06-11 12:52:15,636 [FATAL] Updater:351 - Updater called before beeing initialized
2025-06-11 12:52:15,640 [INFO] CADModel:165 - CPN selected for project level
2025-06-11 12:52:15,640 [INFO] CADModel:114 - Register for checkConnection events
2025-06-11 12:52:15,640 [FATAL] Updater:351 - Updater called before beeing initialized
2025-06-11 12:52:15,640 [ERROR] CADModel:125 - Updater not yet initialized, retry later 
2025-06-11 12:52:15,652 [FATAL] Updater:351 - Updater called before beeing initialized
2025-06-11 12:52:16,037 [FATAL] Updater:351 - Updater called before beeing initialized
2025-06-11 12:52:16,070 [INFO] DbMcusAds:53 - JSON generation date=Wed May 07 11:07:55 CEST 2025 (1746608875484)
2025-06-11 12:52:16,071 [FATAL] Updater:351 - Updater called before beeing initialized
2025-06-11 12:52:16,347 [WARN] DetailPanel:346 - Failed to get advertising image, set to default
2025-06-11 12:52:17,377 [FATAL] Updater:351 - Updater called before beeing initialized
2025-06-11 12:52:17,382 [FATAL] Updater:351 - Updater called before beeing initialized
2025-06-11 12:52:17,382 [FATAL] Updater:351 - Updater called before beeing initialized
2025-06-11 12:52:17,382 [WARN] DetailPanel:346 - Failed to get advertising image, set to default
2025-06-11 12:52:17,384 [FATAL] Updater:351 - Updater called before beeing initialized
2025-06-11 12:52:17,602 [INFO] ThirdPartyUpdaterWithRetryManager:70 - Updater plugin not ready yet. [6/15]
2025-06-11 12:52:17,650 [ERROR] Updater:1198 - MainUpdater not yet initialized. External WinMGr cannot be set.
2025-06-11 12:52:17,699 [INFO] Updater:1134 - Updater Version found : 6.14.1
2025-06-11 12:52:17,759 [INFO] ApplicationProperties:184 - Using Application install path: D:\STM_IDE\STM32CubeIDE_1.18.1\STM32CubeIDE\plugins\com.st.stm32cube.common.mx_6.14.1.202504091515
2025-06-11 12:52:19,436 [ERROR] LogOutputStream:75 - [STDERR_REDIRECT] Jun 11, 2025 12:52:19 PM java.util.prefs.WindowsPreferences <init>
2025-06-11 12:52:19,441 [ERROR] LogOutputStream:75 - [STDERR_REDIRECT] WARNING: Could not open/create prefs root node Software\JavaSoft\Prefs at root 0xffffffff80000002. Windows RegCreateKeyEx(...) returned error code 5.
2025-06-11 12:52:19,442 [ERROR] LogOutputStream:75 - [STDERR_REDIRECT] 
2025-06-11 12:52:20,363 [INFO] MainUpdater:2872 - connection check result : 10
2025-06-11 12:52:20,365 [INFO] MainUpdater:3566 - Updater definition file requires update
2025-06-11 12:52:20,366 [INFO] MainUpdater:289 - Updater Check For Update Now.
2025-06-11 12:52:20,366 [INFO] MicroXplorer:498 - Change Database Version : DB.6.0.141
2025-06-11 12:52:20,426 [INFO] McuFinderGlobals:63 - Set McuFinder mode to 2 (CubeIDE integrated)
2025-06-11 12:52:20,426 [INFO] UserAuth:171 - activating auth plugin
2025-06-11 12:52:20,434 [INFO] UserAuth:484 - Internet connection configuration mode: 1
2025-06-11 12:52:20,509 [INFO] JxBrowserEngine:152 - Initiate JxBrowser Engine with user profile folder
2025-06-11 12:52:20,546 [INFO] ServerAccessManage:473 - Download File updaters.zip
2025-06-11 12:52:20,604 [WARN] MainUpdater:1193 - Updater busy. Cannot search thirdparties
2025-06-11 12:52:20,604 [INFO] ThirdPartyUpdaterWithRetryManager:96 - Updater plugin is busy. [1/15]
2025-06-11 12:52:20,960 [INFO] FileExtend:242 - Unzip File : updaters.zip
2025-06-11 12:52:20,963 [INFO] FileExtend:257 - Standard Zip Deflate
2025-06-11 12:52:23,616 [WARN] MainUpdater:1193 - Updater busy. Cannot search thirdparties
2025-06-11 12:52:23,616 [INFO] ThirdPartyUpdaterWithRetryManager:96 - Updater plugin is busy. [2/15]
2025-06-11 12:52:25,349 [INFO] ServerAccessManage:473 - Download File PacksControlFlags.xml
2025-06-11 12:52:25,848 [INFO] ServerAccessManage:473 - Download File cubemx.pidx
2025-06-11 12:52:26,622 [WARN] MainUpdater:1193 - Updater busy. Cannot search thirdparties
2025-06-11 12:52:26,622 [INFO] ThirdPartyUpdaterWithRetryManager:96 - Updater plugin is busy. [3/15]
2025-06-11 12:52:27,991 [INFO] WebApp:169 - Instantiating new browser for Auth
2025-06-11 12:52:28,911 [INFO] ServerAccessManage:473 - Download File STMicroelectronics.X-CUBE-MEMS1.pdsc
2025-06-11 12:52:29,636 [WARN] MainUpdater:1193 - Updater busy. Cannot search thirdparties
2025-06-11 12:52:29,636 [INFO] ThirdPartyUpdaterWithRetryManager:96 - Updater plugin is busy. [4/15]
2025-06-11 12:52:30,688 [INFO] WebApp:463 - Apply proxy settings
2025-06-11 12:52:30,689 [INFO] WebApp:548 - Chromium requires no authentication
2025-06-11 12:52:30,786 [INFO] WebApp:491 - Direct internet connection detected
2025-06-11 12:52:30,990 [INFO] WebApp:894 - Register for checkConnection events
2025-06-11 12:52:30,990 [INFO] WebApp:463 - Apply proxy settings
2025-06-11 12:52:30,990 [INFO] WebApp:548 - Chromium requires no authentication
2025-06-11 12:52:30,992 [INFO] WebApp:491 - Direct internet connection detected
2025-06-11 12:52:31,212 [INFO] WebApp:191 - Connection restablished
2025-06-11 12:52:32,614 [INFO] WebApp:225 - Starting web application
2025-06-11 12:52:32,616 [INFO] WebApp:593 - Web application path used D:\STM_IDE\STM32CubeIDE_1.18.1\STM32CubeIDE\plugins\com.st.stm32cube.common.mx_6.14.1.202504091515\db\plugins\mcufinder\reactClient1\index.html
2025-06-11 12:52:32,783 [WARN] MainUpdater:1193 - Updater busy. Cannot search thirdparties
2025-06-11 12:52:32,786 [INFO] ThirdPartyUpdaterWithRetryManager:96 - Updater plugin is busy. [5/15]
2025-06-11 12:52:35,790 [WARN] MainUpdater:1193 - Updater busy. Cannot search thirdparties
2025-06-11 12:52:35,790 [INFO] ThirdPartyUpdaterWithRetryManager:96 - Updater plugin is busy. [6/15]
2025-06-11 12:52:38,824 [WARN] MainUpdater:1193 - Updater busy. Cannot search thirdparties
2025-06-11 12:52:38,853 [INFO] ThirdPartyUpdaterWithRetryManager:96 - Updater plugin is busy. [7/15]
2025-06-11 12:52:41,721 [INFO] CheckServerUpdateThread:120 - End of CheckServer Thread
2025-06-11 12:52:41,778 [WARN] PackLoader:240 - Cannot read IP mode file for STMicroelectronics.X-CUBE-MEMS1.11.3.0
2025-06-11 12:52:42,919 [INFO] PopulateThirdPartyThread:66 - Ending populate Thread
2025-06-11 12:52:42,925 [INFO] ThirdParty:1030 - CMSIS Pack Vendor :STMicroelectronics X-CUBE-MEMS1 11.3.0
2025-06-11 12:52:42,934 [INFO] LoadServerUpdatesThread:375 - End of LoadServerUpdate Thread
2025-06-11 12:52:43,647 [WARN] PackLoader:240 - Cannot read IP mode file for STMicroelectronics.FP-SNS-MOTENVWB1.1.4.0
2025-06-11 12:52:43,671 [WARN] PackLoader:240 - Cannot read IP mode file for STMicroelectronics.FP-ATR-ASTRA1.2.0.2
2025-06-11 12:52:43,744 [WARN] PackLoader:240 - Cannot read IP mode file for STMicroelectronics.X-CUBE-SMBUS.2.1.0
2025-06-11 12:52:43,802 [WARN] PackLoader:240 - Cannot read IP mode file for STMicroelectronics.X-CUBE-ST60.1.0.0
2025-06-11 12:52:44,064 [WARN] PackLoader:240 - Cannot read IP mode file for STMicroelectronics.X-CUBE-AZRTOS-F7.1.1.0
2025-06-11 12:52:44,198 [WARN] PackLoader:240 - Cannot read IP mode file for Infineon.AIROC-Wi-Fi-Bluetooth-STM32.1.7.0
2025-06-11 12:52:44,290 [WARN] PackLoader:240 - Cannot read IP mode file for STMicroelectronics.X-CUBE-DISPLAY.3.0.0
2025-06-11 12:52:44,377 [WARN] PackLoader:240 - Cannot read IP mode file for STMicroelectronics.X-CUBE-NFC10.1.0.0
2025-06-11 12:52:44,479 [WARN] PackLoader:240 - Cannot read IP mode file for STMicroelectronics.X-CUBE-BLEMGR.4.0.0
2025-06-11 12:52:44,564 [WARN] PackLoader:240 - Cannot read IP mode file for emotas.I-CUBE-CANOPEN.1.3.0
2025-06-11 12:52:44,590 [WARN] ConditionMgr:438 - getConditionDescription Invalid condition id : Cortex-A Device cause : null
2025-06-11 12:52:44,711 [WARN] ConditionMgr:1044 - genDependencies : Invalid condition id : Cortex-A Device cause : null
2025-06-11 12:52:44,711 [WARN] ConditionMgr:1044 - genDependencies : Invalid condition id : Cortex-A Device cause : null
2025-06-11 12:52:44,711 [WARN] ConditionMgr:1044 - genDependencies : Invalid condition id : Cortex-A Device cause : null
2025-06-11 12:52:44,776 [WARN] PackLoader:240 - Cannot read IP mode file for STMicroelectronics.FP-SNS-SMARTAG2.1.2.0
2025-06-11 12:52:44,801 [WARN] PackLoader:240 - Cannot read IP mode file for STMicroelectronics.FP-SNS-FLIGHT1.5.1.0
2025-06-11 12:52:44,878 [INFO] LogOutputStream:77 - [STDOUT_REDIRECT] 1 : Invalid condition id : UX_CORESTACK_Condition cause : null
2025-06-11 12:52:44,878 [INFO] LogOutputStream:77 - [STDOUT_REDIRECT] 1 : Invalid condition id : UX_CORESTACK_Condition cause : null
2025-06-11 12:52:44,887 [INFO] LogOutputStream:77 - [STDOUT_REDIRECT] 1 : Invalid condition id : UX_CORESTACK_Condition cause : null
2025-06-11 12:52:44,889 [INFO] LogOutputStream:77 - [STDOUT_REDIRECT] 1 : Invalid condition id : UX_CORESTACK_Condition cause : null
2025-06-11 12:52:44,891 [INFO] LogOutputStream:77 - [STDOUT_REDIRECT] 1 : Invalid condition id : UX_CORESTACK_Condition cause : null
2025-06-11 12:52:44,900 [WARN] PackLoader:240 - Cannot read IP mode file for STMicroelectronics.X-CUBE-AZRTOS-WL.2.0.0
2025-06-11 12:52:44,953 [WARN] PackLoader:240 - Cannot read IP mode file for STMicroelectronics.FP-SNS-MOTENV1.5.0.0
2025-06-11 12:52:45,034 [WARN] PackLoader:240 - Cannot read IP mode file for WES.I-CUBE-Cesium.1.3.0
2025-06-11 12:52:45,096 [WARN] PackLoader:240 - Cannot read IP mode file for STMicroelectronics.X-CUBE-BLE2.3.3.0
2025-06-11 12:52:45,166 [WARN] PackLoader:240 - Cannot read IP mode file for STMicroelectronics.X-CUBE-NFC9.1.0.0
2025-06-11 12:52:45,236 [WARN] PackLoader:240 - Cannot read IP mode file for wolfSSL.I-CUBE-wolfSSL.5.8.0
2025-06-11 12:52:45,301 [WARN] PackLoader:240 - Cannot read IP mode file for STMicroelectronics.X-CUBE-BLE1.7.1.0
2025-06-11 12:52:45,322 [WARN] PackLoader:240 - Cannot read IP mode file for wolfSSL.I-CUBE-wolfMQTT.1.19.2
2025-06-11 12:52:45,382 [WARN] PackLoader:240 - Cannot read IP mode file for STMicroelectronics.X-CUBE-AI.10.1.0
2025-06-11 12:52:45,613 [WARN] PackLoader:240 - Cannot read IP mode file for STMicroelectronics.X-CUBE-MEMS1.11.2.0
2025-06-11 12:52:46,457 [WARN] PackLoader:240 - Cannot read IP mode file for STMicroelectronics.X-CUBE-AZRTOS-G0.1.1.0
2025-06-11 12:52:46,615 [WARN] PackLoader:240 - Cannot read IP mode file for STMicroelectronics.X-CUBE-SAFEA1.1.2.2
2025-06-11 12:52:46,706 [WARN] PackLoader:240 - Cannot read IP mode file for STMicroelectronics.X-CUBE-NFC4.3.0.0
2025-06-11 12:52:46,885 [WARN] PackLoader:240 - Cannot read IP mode file for EmbeddedOffice.I-CUBE-FS-RTOS.1.0.1
2025-06-11 12:52:47,169 [WARN] PackLoader:240 - Cannot read IP mode file for STMicroelectronics.X-CUBE-WB05N.2.0.0
2025-06-11 12:52:47,345 [WARN] PackLoader:240 - Cannot read IP mode file for wolfSSL.I-CUBE-wolfTPM.3.8.0
2025-06-11 12:52:47,885 [WARN] PackLoader:240 - Cannot read IP mode file for STMicroelectronics.X-CUBE-TCPP.4.2.0
2025-06-11 12:52:48,112 [WARN] PackLoader:240 - Cannot read IP mode file for RealThread.X-CUBE-RT-Thread_Nano.4.1.1
2025-06-11 12:52:48,156 [WARN] PackLoader:240 - Cannot read IP mode file for STMicroelectronics.FP-ATR-SIGFOX1.3.2.0
2025-06-11 12:52:48,291 [WARN] PackLoader:240 - Cannot read IP mode file for STMicroelectronics.X-CUBE-EEPRMA1.5.1.0
2025-06-11 12:52:48,423 [WARN] PackLoader:240 - Cannot read IP mode file for ITTIA_DB.I-CUBE-ITTIADB.8.9.0
2025-06-11 12:52:48,523 [WARN] PackLoader:240 - Cannot read IP mode file for STMicroelectronics.X-CUBE-ST67W61.1.0.0
2025-06-11 12:52:48,871 [WARN] PackLoader:240 - Cannot read IP mode file for SEGGER.I-CUBE-embOS.1.3.1
2025-06-11 12:52:49,312 [WARN] PackLoader:240 - Cannot read IP mode file for STMicroelectronics.X-CUBE-ALGOBUILD.1.4.0
2025-06-11 12:52:49,465 [WARN] PackLoader:240 - Cannot read IP mode file for STMicroelectronics.X-CUBE-MEMS1.11.3.0
2025-06-11 12:52:49,992 [WARN] PackLoader:240 - Cannot read IP mode file for STMicroelectronics.X-CUBE-AZRTOS-F4.1.1.0
2025-06-11 12:52:50,122 [WARN] PackLoader:240 - Cannot read IP mode file for Avnet-IotConnect.X-CUBE-IoTC-DA16k-PMOD.1.0.0
2025-06-11 12:52:50,323 [WARN] PackLoader:240 - Cannot read IP mode file for STMicroelectronics.X-CUBE-ISPU.2.1.0
2025-06-11 12:52:50,579 [WARN] PackLoader:240 - Cannot read IP mode file for STMicroelectronics.X-CUBE-AZRTOS-L5.2.0.0
2025-06-11 12:52:50,690 [WARN] PackLoader:240 - Cannot read IP mode file for STMicroelectronics.X-CUBE-NFC6.3.1.0
2025-06-11 12:52:50,777 [WARN] PackLoader:240 - Cannot read IP mode file for STMicroelectronics.X-CUBE-FREERTOS.1.3.1
2025-06-11 12:52:50,839 [WARN] PackLoader:240 - Cannot read IP mode file for STMicroelectronics.X-CUBE-DPower.1.3.0
2025-06-11 12:52:51,042 [WARN] ConditionMgr:438 - getConditionDescription Invalid condition id : LAN8742 Phy interface Condition cause : null
2025-06-11 12:52:51,047 [WARN] PackLoader:240 - Cannot read IP mode file for STMicroelectronics.X-CUBE-AZRTOS-L4.2.0.0
2025-06-11 12:52:51,054 [WARN] ConditionMgr:1044 - genDependencies : Invalid condition id : LAN8742 Phy interface Condition cause : null
2025-06-11 12:52:51,056 [WARN] ConditionMgr:1044 - genDependencies : Invalid condition id : LAN8742 Phy interface Condition cause : null
2025-06-11 12:52:51,057 [WARN] ConditionMgr:1044 - genDependencies : Invalid condition id : LAN8742 Phy interface Condition cause : null
2025-06-11 12:52:51,222 [WARN] PackLoader:240 - Cannot read IP mode file for STMicroelectronics.X-CUBE-SFXS2LP1.4.0.0
2025-06-11 12:52:51,514 [WARN] PackLoader:240 - Cannot read IP mode file for STMicroelectronics.X-CUBE-AZRTOS-H7.3.3.0
2025-06-11 12:52:51,745 [WARN] ConditionMgr:438 - getConditionDescription Invalid condition id : UX DEVICE CLASS RTOS Condition cause : null
2025-06-11 12:52:51,747 [WARN] ConditionMgr:438 - getConditionDescription Invalid condition id : UX DEVICE CLASS RTOS Condition cause : null
2025-06-11 12:52:51,758 [WARN] PackLoader:240 - Cannot read IP mode file for STMicroelectronics.X-CUBE-AZRTOS-WB.2.0.0
2025-06-11 12:52:51,760 [WARN] ConditionMgr:1044 - genDependencies : Invalid condition id : UX DEVICE CLASS RTOS Condition cause : null
2025-06-11 12:52:51,762 [WARN] ConditionMgr:1044 - genDependencies : Invalid condition id : UX DEVICE CLASS RTOS Condition cause : null
2025-06-11 12:52:51,765 [WARN] ConditionMgr:1044 - genDependencies : Invalid condition id : UX DEVICE CLASS RTOS Condition cause : null
2025-06-11 12:52:51,767 [WARN] ConditionMgr:1044 - genDependencies : Invalid condition id : UX DEVICE CLASS RTOS Condition cause : null
2025-06-11 12:52:51,767 [WARN] ConditionMgr:1044 - genDependencies : Invalid condition id : UX DEVICE CLASS RTOS Condition cause : null
2025-06-11 12:52:51,875 [WARN] PackLoader:240 - Cannot read IP mode file for STMicroelectronics.X-CUBE-GNSS1.7.0.1
2025-06-11 12:52:51,972 [WARN] PackLoader:240 - Cannot read IP mode file for STMicroelectronics.X-CUBE-TOUCHGFX.4.25.0
2025-06-11 12:52:52,080 [WARN] PackLoader:240 - Cannot read IP mode file for STMicroelectronics.FP-SNS-STBOX1.2.0.0
2025-06-11 12:52:52,188 [WARN] PackLoader:240 - Cannot read IP mode file for STMicroelectronics.X-CUBE-SUBG2.5.0.0
2025-06-11 12:52:52,328 [WARN] PackLoader:240 - Cannot read IP mode file for STMicroelectronics.X-CUBE-AZRTOS-H7RS.1.1.0
2025-06-11 12:52:52,364 [WARN] PackLoader:240 - Cannot read IP mode file for Cesanta.I-CUBE-Mongoose.7.13.0
2025-06-11 12:52:52,501 [WARN] PackLoader:240 - Cannot read IP mode file for STMicroelectronics.X-CUBE-AZRTOS-G4.2.0.0
2025-06-11 12:52:52,530 [WARN] PackLoader:240 - Cannot read IP mode file for wolfSSL.I-CUBE-wolfSSH.1.4.20
2025-06-11 12:52:52,608 [WARN] PackLoader:240 - Cannot read IP mode file for STMicroelectronics.X-CUBE-NFC7.2.0.0
2025-06-11 12:52:52,709 [WARN] PackLoader:240 - Cannot read IP mode file for STMicroelectronics.X-CUBE-IPS.3.1.0
2025-06-11 12:52:52,800 [WARN] PackLoader:240 - Cannot read IP mode file for STMicroelectronics.X-CUBE-ALS.1.0.2
2025-06-11 12:52:52,870 [WARN] PackLoader:240 - Cannot read IP mode file for portGmbH.I-Cube-SoM-uGOAL.1.1.0
2025-06-11 12:52:52,971 [WARN] PackLoader:240 - Cannot read IP mode file for STMicroelectronics.X-CUBE-TOF1.3.4.3
2025-06-11 12:52:52,995 [INFO] ThirdParty:978 - Integrity check success = true
2025-06-11 12:52:52,995 [INFO] IntegrityCheckThread:100 - exiting critical section [integrity check]
2025-06-11 12:52:52,995 [INFO] IntegrityCheckThread:103 - End integrity checks thread
2025-06-11 15:23:37,546 [INFO] WebApp:194 - Connection lost
2025-06-11 15:23:38,437 [INFO] WebApp:191 - Connection restablished
2025-06-11 15:25:23,371 [INFO] WebApp:194 - Connection lost
2025-06-11 15:25:23,705 [INFO] WebApp:191 - Connection restablished
2025-06-11 19:09:45,804 [INFO] WebApp:194 - Connection lost
2025-06-11 19:09:46,621 [INFO] WebApp:191 - Connection restablished
2025-06-11 21:37:18,759 [INFO] WebApp:194 - Connection lost
2025-06-11 21:37:20,524 [INFO] WebApp:191 - Connection restablished
